#
# There is insufficient memory for the Java Runtime Environment to continue.
# Native memory allocation (mmap) failed to map 422576128 bytes for Failed to commit area from 0x0000000093100000 to 0x00000000ac400000 of length 422576128.
# Possible reasons:
#   The system is out of physical RAM or swap space
#   The process is running with CompressedOops enabled, and the Java Heap may be blocking the growth of the native heap
# Possible solutions:
#   Reduce memory load on the system
#   Increase physical memory or swap space
#   Check if swap backing store is full
#   Decrease Java heap size (-Xmx/-Xms)
#   Decrease number of Java threads
#   Decrease Java thread stack sizes (-Xss)
#   Set larger code cache with -XX:ReservedCodeCacheSize=
#   JVM is running with Unscaled Compressed Oops mode in which the Java heap is
#     placed in the first 4GB address space. The Java Heap base address is the
#     maximum limit for the native heap growth. Please use -XX:HeapBaseMinAddress
#     to set the Java Heap base and to place the Java Heap above 4GB virtual address.
# This output file may be truncated or incomplete.
#
#  Out of Memory Error (./src/hotspot/os/windows/os_windows.cpp:3301), pid=1632, tid=5316
#
# JRE version: OpenJDK Runtime Environment (11.0.10) (build 11.0.10+0-b96-7249189)
# Java VM: OpenJDK 64-Bit Server VM (11.0.10+0-b96-7249189, mixed mode, tiered, compressed oops, g1 gc, windows-amd64)
# No core dump will be written. Minidumps are not enabled by default on client versions of Windows
#

---------------  S U M M A R Y ------------

Command Line: --add-opens=java.base/java.util=ALL-UNNAMED --add-opens=java.base/java.lang=ALL-UNNAMED --add-opens=java.base/java.lang.invoke=ALL-UNNAMED --add-opens=java.base/java.util=ALL-UNNAMED --add-opens=java.prefs/java.util.prefs=ALL-UNNAMED --add-opens=java.prefs/java.util.prefs=ALL-UNNAMED --add-opens=java.base/java.nio.charset=ALL-UNNAMED --add-opens=java.base/java.net=ALL-UNNAMED --add-opens=java.base/java.util.concurrent.atomic=ALL-UNNAMED -Xmx2048m -Dfile.encoding=UTF-8 -Duser.country=US -Duser.language=en -Duser.variant org.gradle.launcher.daemon.bootstrap.GradleDaemon 7.0.2

Host: Intel(R) Core(TM) i5-10300H CPU @ 2.50GHz, 8 cores, 7G,  Windows 10 , 64 bit Build 18362 (10.0.18362.86)
Time: Thu Apr  7 16:11:25 2022 West Asia Standard Time elapsed time: 1823.603367 seconds (0d 0h 30m 23s)

---------------  T H R E A D  ---------------

Current thread (0x0000028fc21e2000):  VMThread "VM Thread" [stack: 0x000000c533a00000,0x000000c533b00000] [id=5316]

Stack: [0x000000c533a00000,0x000000c533b00000]
[error occurred during error reporting (printing stack bounds), id 0xc0000005, EXCEPTION_ACCESS_VIOLATION (0xc0000005) at pc=0x0000028fab090f2d]

Native frames: (J=compiled Java code, j=interpreted, Vv=VM code, C=native code)
V  [jvm.dll+0x5ecfaa]
V  [jvm.dll+0x722bd5]
V  [jvm.dll+0x72412d]
V  [jvm.dll+0x724745]
V  [jvm.dll+0x7246fb]
V  [jvm.dll+0x5ec348]
V  [jvm.dll+0x5ecad8]
C  [ntdll.dll+0xa119f]
C  [ntdll.dll+0x6a229]
C  [ntdll.dll+0x9fe0e]
C  0x0000028fab090f2d

VM_Operation (0x000000c5395fdee0): G1CollectForAllocation, mode: safepoint, requested by thread 0x0000028fc6423000


---------------  P R O C E S S  ---------------

Threads class SMR info:
_java_thread_list=0x0000028fc5cf7da0, length=86, elements={
0x0000028fa5de1800, 0x0000028fc21e8000, 0x0000028fc21e9000, 0x0000028fc2b8c000,
0x0000028fc2b8f000, 0x0000028fc2b90800, 0x0000028fc2b93800, 0x0000028fc2bb4000,
0x0000028fc220b000, 0x0000028fc2d16000, 0x0000028fc4ace800, 0x0000028fc4acb800,
0x0000028fc2f38000, 0x0000028fc551c000, 0x0000028fc551b000, 0x0000028fc5517000,
0x0000028fc5518800, 0x0000028fc5519800, 0x0000028fc641b000, 0x0000028fc6416000,
0x0000028fc6417000, 0x0000028fc641c800, 0x0000028fc641a000, 0x0000028fc9db8000,
0x0000028fc9db9800, 0x0000028fc9dba800, 0x0000028fc9db7000, 0x0000028fc9db8800,
0x0000028fc9dbb000, 0x0000028fc9dbf000, 0x0000028fc8827800, 0x0000028fc8826800,
0x0000028fc8825000, 0x0000028fc8823800, 0x0000028fc9b51800, 0x0000028fc9b50800,
0x0000028fc9b52800, 0x0000028fc9b53000, 0x0000028fc9b4d800, 0x0000028fc9b54000,
0x0000028fc9b50000, 0x0000028fc9b4e000, 0x0000028fc9b4f000, 0x0000028fc9b59000,
0x0000028fc9b57000, 0x0000028fc9b54800, 0x0000028fc9b56800, 0x0000028fc9b55800,
0x0000028fc9b58000, 0x0000028fc9b59800, 0x0000028fc9b5a800, 0x0000028fc9b5b000,
0x0000028fc9b5c000, 0x0000028fc5eef800, 0x0000028fc5ef2800, 0x0000028fc5ef3800,
0x0000028fc5ef6000, 0x0000028fc5ef0000, 0x0000028fc5ef5000, 0x0000028fc5ef4000,
0x0000028fc5ef1000, 0x0000028fc5efc800, 0x0000028fc5ef6800, 0x0000028fc5efb800,
0x0000028fc5efa000, 0x0000028fc5efa800, 0x0000028fc566d000, 0x0000028fc5efd000,
0x0000028fc5efe000, 0x0000028fc5ef8800, 0x0000028fc5ef9000, 0x0000028fc9db5800,
0x0000028fc9db6000, 0x0000028fc9dc0000, 0x0000028fc9dbe800, 0x0000028fc9dc1000,
0x0000028fc9dc2800, 0x0000028fc9dbd800, 0x0000028fc9dc3000, 0x0000028fc9dc1800,
0x0000028fc9dc4000, 0x0000028fc6418000, 0x0000028fc6418800, 0x0000028fc6415800,
0x0000028fc6423000, 0x0000028fc6421800
}

Java Threads: ( => current thread )
  0x0000028fa5de1800 JavaThread "main" [_thread_blocked, id=5260, stack(0x000000c533400000,0x000000c533500000)]
  0x0000028fc21e8000 JavaThread "Reference Handler" daemon [_thread_blocked, id=8092, stack(0x000000c533b00000,0x000000c533c00000)]
  0x0000028fc21e9000 JavaThread "Finalizer" daemon [_thread_blocked, id=9872, stack(0x000000c533c00000,0x000000c533d00000)]
  0x0000028fc2b8c000 JavaThread "Signal Dispatcher" daemon [_thread_blocked, id=9844, stack(0x000000c533d00000,0x000000c533e00000)]
  0x0000028fc2b8f000 JavaThread "Attach Listener" daemon [_thread_blocked, id=3560, stack(0x000000c533e00000,0x000000c533f00000)]
  0x0000028fc2b90800 JavaThread "Service Thread" daemon [_thread_blocked, id=12356, stack(0x000000c533f00000,0x000000c534000000)]
  0x0000028fc2b93800 JavaThread "C2 CompilerThread0" daemon [_thread_blocked, id=8924, stack(0x000000c534000000,0x000000c534100000)]
  0x0000028fc2bb4000 JavaThread "C1 CompilerThread0" daemon [_thread_blocked, id=6676, stack(0x000000c534100000,0x000000c534200000)]
  0x0000028fc220b000 JavaThread "Sweeper thread" daemon [_thread_blocked, id=6392, stack(0x000000c534200000,0x000000c534300000)]
  0x0000028fc2d16000 JavaThread "Common-Cleaner" daemon [_thread_blocked, id=7236, stack(0x000000c534300000,0x000000c534400000)]
  0x0000028fc4ace800 JavaThread "Daemon health stats" [_thread_blocked, id=2240, stack(0x000000c534900000,0x000000c534a00000)]
  0x0000028fc4acb800 JavaThread "Incoming local TCP Connector on port 57151" [_thread_in_native, id=10416, stack(0x000000c534500000,0x000000c534600000)]
  0x0000028fc2f38000 JavaThread "Daemon periodic checks" [_thread_blocked, id=11688, stack(0x000000c534800000,0x000000c534900000)]
  0x0000028fc551c000 JavaThread "Cache worker for file hash cache (C:\Users\user\.gradle\caches\7.0.2\fileHashes)" [_thread_blocked, id=6504, stack(0x000000c535700000,0x000000c535800000)]
  0x0000028fc551b000 JavaThread "File lock request listener" [_thread_in_native, id=10956, stack(0x000000c535800000,0x000000c535900000)]
  0x0000028fc5517000 JavaThread "Cache worker for journal cache (C:\Users\user\.gradle\caches\journal-1)" [_thread_blocked, id=1444, stack(0x000000c535a00000,0x000000c535b00000)]
  0x0000028fc5518800 JavaThread "File watcher server" daemon [_thread_blocked, id=11352, stack(0x000000c535c00000,0x000000c535d00000)]
  0x0000028fc5519800 JavaThread "File watcher consumer" daemon [_thread_blocked, id=12696, stack(0x000000c535d00000,0x000000c535e00000)]
  0x0000028fc641b000 JavaThread "Cache worker for execution history cache (C:\Users\user\.gradle\caches\7.0.2\executionHistory)" [_thread_blocked, id=12392, stack(0x000000c536200000,0x000000c536300000)]
  0x0000028fc6416000 JavaThread "jar transforms" [_thread_blocked, id=6796, stack(0x000000c536300000,0x000000c536400000)]
  0x0000028fc6417000 JavaThread "jar transforms Thread 2" [_thread_blocked, id=12368, stack(0x000000c536400000,0x000000c536500000)]
  0x0000028fc641c800 JavaThread "Cache worker for file content cache (C:\Users\user\.gradle\caches\7.0.2\fileContent)" [_thread_blocked, id=11888, stack(0x000000c536500000,0x000000c536600000)]
  0x0000028fc641a000 JavaThread "jar transforms Thread 3" [_thread_blocked, id=11812, stack(0x000000c536700000,0x000000c536800000)]
  0x0000028fc9db8000 JavaThread "jar transforms Thread 4" [_thread_blocked, id=9076, stack(0x000000c537100000,0x000000c537200000)]
  0x0000028fc9db9800 JavaThread "jar transforms Thread 5" [_thread_blocked, id=9120, stack(0x000000c537200000,0x000000c537300000)]
  0x0000028fc9dba800 JavaThread "jar transforms Thread 6" [_thread_blocked, id=7356, stack(0x000000c537300000,0x000000c537400000)]
  0x0000028fc9db7000 JavaThread "jar transforms Thread 7" [_thread_blocked, id=12300, stack(0x000000c537400000,0x000000c537500000)]
  0x0000028fc9db8800 JavaThread "jar transforms Thread 8" [_thread_blocked, id=12504, stack(0x000000c537500000,0x000000c537600000)]
  0x0000028fc9dbb000 JavaThread "Memory manager" [_thread_blocked, id=13216, stack(0x000000c537700000,0x000000c537800000)]
  0x0000028fc9dbf000 JavaThread "RMI Scheduler(0)" daemon [_thread_blocked, id=11840, stack(0x000000c537600000,0x000000c537700000)]
  0x0000028fc8827800 JavaThread "RMI GC Daemon" daemon [_thread_blocked, id=12644, stack(0x000000c538300000,0x000000c538400000)]
  0x0000028fc8826800 JavaThread "RMI TCP Accept-0" daemon [_thread_in_native, id=12364, stack(0x000000c538400000,0x000000c538500000)]
  0x0000028fc8825000 JavaThread "RMI Reaper" [_thread_blocked, id=13036, stack(0x000000c538500000,0x000000c538600000)]
  0x0000028fc8823800 JavaThread "Cache worker for Java compile cache (C:\Users\user\.gradle\caches\7.0.2\javaCompile)" [_thread_blocked, id=8096, stack(0x000000c538e00000,0x000000c538f00000)]
  0x0000028fc9b51800 JavaThread "ForkJoinPool.commonPool-worker-7" daemon [_thread_blocked, id=4736, stack(0x000000c539700000,0x000000c539800000)]
  0x0000028fc9b50800 JavaThread "Daemon Thread 6" [_thread_blocked, id=3764, stack(0x000000c533100000,0x000000c533200000)]
  0x0000028fc9b52800 JavaThread "Handler for socket connection from /127.0.0.1:57151 to /127.0.0.1:58032" [_thread_in_native, id=11416, stack(0x000000c533200000,0x000000c533300000)]
  0x0000028fc9b53000 JavaThread "Cancel handler" [_thread_blocked, id=5852, stack(0x000000c533300000,0x000000c533400000)]
  0x0000028fc9b4d800 JavaThread "Daemon worker Thread 6" [_thread_blocked, id=13164, stack(0x000000c534a00000,0x000000c534b00000)]
  0x0000028fc9b54000 JavaThread "Asynchronous log dispatcher for DefaultDaemonConnection: socket connection from /127.0.0.1:57151 to /127.0.0.1:58032" [_thread_blocked, id=3264, stack(0x000000c534b00000,0x000000c534c00000)]
  0x0000028fc9b50000 JavaThread "Stdin handler" [_thread_blocked, id=13108, stack(0x000000c534c00000,0x000000c534d00000)]
  0x0000028fc9b4e000 JavaThread "Daemon client event forwarder" [_thread_blocked, id=12776, stack(0x000000c534d00000,0x000000c534e00000)]
  0x0000028fc9b4f000 JavaThread "Cache worker for file hash cache (C:\Users\user\AndroidStudioProjects\Note\.gradle\7.0.2\fileHashes)" [_thread_blocked, id=12852, stack(0x000000c534e00000,0x000000c534f00000)]
  0x0000028fc9b59000 JavaThread "Cache worker for checksums cache (C:\Users\user\AndroidStudioProjects\Note\.gradle\checksums)" [_thread_blocked, id=1600, stack(0x000000c534f00000,0x000000c535000000)]
  0x0000028fc9b57000 JavaThread "Cache worker for cache directory md-supplier (C:\Users\user\.gradle\caches\7.0.2\md-supplier)" [_thread_blocked, id=6660, stack(0x000000c535000000,0x000000c535100000)]
  0x0000028fc9b54800 JavaThread "Cache worker for cache directory md-rule (C:\Users\user\.gradle\caches\7.0.2\md-rule)" [_thread_blocked, id=13040, stack(0x000000c535b00000,0x000000c535c00000)]
  0x0000028fc9b56800 JavaThread "Cache worker for dependencies-accessors (C:\Users\user\AndroidStudioProjects\Note\.gradle\7.0.2\dependencies-accessors)" [_thread_blocked, id=12996, stack(0x000000c535e00000,0x000000c535f00000)]
  0x0000028fc9b55800 JavaThread "Cache worker for Build Output Cleanup Cache (C:\Users\user\AndroidStudioProjects\Note\.gradle\buildOutputCleanup)" [_thread_blocked, id=13096, stack(0x000000c535f00000,0x000000c536000000)]
  0x0000028fc9b58000 JavaThread "Build operations" [_thread_blocked, id=8320, stack(0x000000c536100000,0x000000c536200000)]
  0x0000028fc9b59800 JavaThread "Build operations Thread 2" [_thread_blocked, id=10200, stack(0x000000c536600000,0x000000c536700000)]
  0x0000028fc9b5a800 JavaThread "Build operations Thread 3" [_thread_blocked, id=7520, stack(0x000000c536800000,0x000000c536900000)]
  0x0000028fc9b5b000 JavaThread "Build operations Thread 4" [_thread_blocked, id=8284, stack(0x000000c536900000,0x000000c536a00000)]
  0x0000028fc9b5c000 JavaThread "Build operations Thread 5" [_thread_blocked, id=4196, stack(0x000000c536a00000,0x000000c536b00000)]
  0x0000028fc5eef800 JavaThread "Build operations Thread 6" [_thread_blocked, id=12756, stack(0x000000c536b00000,0x000000c536c00000)]
  0x0000028fc5ef2800 JavaThread "Build operations Thread 7" [_thread_blocked, id=3216, stack(0x000000c536c00000,0x000000c536d00000)]
  0x0000028fc5ef3800 JavaThread "Build operations Thread 8" [_thread_blocked, id=9396, stack(0x000000c536d00000,0x000000c536e00000)]
  0x0000028fc5ef6000 JavaThread "build event listener" [_thread_blocked, id=13292, stack(0x000000c536e00000,0x000000c536f00000)]
  0x0000028fc5ef0000 JavaThread "build event listener" [_thread_blocked, id=7900, stack(0x000000c536f00000,0x000000c537000000)]
  0x0000028fc5ef5000 JavaThread "Execution worker for ':'" [_thread_blocked, id=11276, stack(0x000000c537000000,0x000000c537100000)]
  0x0000028fc5ef4000 JavaThread "Execution worker for ':' Thread 2" [_thread_blocked, id=3772, stack(0x000000c537800000,0x000000c537900000)]
  0x0000028fc5ef1000 JavaThread "Execution worker for ':' Thread 3" [_thread_blocked, id=11316, stack(0x000000c537900000,0x000000c537a00000)]
  0x0000028fc5efc800 JavaThread "Execution worker for ':' Thread 4" [_thread_blocked, id=12212, stack(0x000000c537a00000,0x000000c537b00000)]
  0x0000028fc5ef6800 JavaThread "Execution worker for ':' Thread 5" [_thread_blocked, id=12452, stack(0x000000c537b00000,0x000000c537c00000)]
  0x0000028fc5efb800 JavaThread "Execution worker for ':' Thread 6" [_thread_blocked, id=5848, stack(0x000000c537c00000,0x000000c537d00000)]
  0x0000028fc5efa000 JavaThread "Execution worker for ':' Thread 7" [_thread_blocked, id=12016, stack(0x000000c537d00000,0x000000c537e00000)]
  0x0000028fc5efa800 JavaThread "Cache worker for execution history cache (C:\Users\user\AndroidStudioProjects\Note\.gradle\7.0.2\executionHistory)" [_thread_blocked, id=9680, stack(0x000000c537e00000,0x000000c537f00000)]
  0x0000028fc566d000 JavaThread "C2 CompilerThread1" daemon [_thread_in_native, id=12448, stack(0x000000c536000000,0x000000c536100000)]
  0x0000028fc5efd000 JavaThread "WorkerExecutor Queue" [_thread_blocked, id=10208, stack(0x000000c537f00000,0x000000c538000000)]
  0x0000028fc5efe000 JavaThread "WorkerExecutor Queue Thread 2" [_thread_blocked, id=12940, stack(0x000000c538000000,0x000000c538100000)]
  0x0000028fc5ef8800 JavaThread "pool-33-thread-1" [_thread_blocked, id=11604, stack(0x000000c538100000,0x000000c538200000)]
  0x0000028fc5ef9000 JavaThread "stderr" [_thread_in_native, id=1316, stack(0x000000c538200000,0x000000c538300000)]
  0x0000028fc9db5800 JavaThread "stdout" [_thread_in_native, id=12556, stack(0x000000c538600000,0x000000c538700000)]
  0x0000028fc9db6000 JavaThread "WorkerExecutor Queue Thread 3" [_thread_blocked, id=11856, stack(0x000000c538700000,0x000000c538800000)]
  0x0000028fc9dc0000 JavaThread "WorkerExecutor Queue Thread 4" [_thread_blocked, id=6816, stack(0x000000c538800000,0x000000c538900000)]
  0x0000028fc9dbe800 JavaThread "WorkerExecutor Queue Thread 5" [_thread_blocked, id=12240, stack(0x000000c538900000,0x000000c538a00000)]
  0x0000028fc9dc1000 JavaThread "WorkerExecutor Queue Thread 6" [_thread_blocked, id=12332, stack(0x000000c538a00000,0x000000c538b00000)]
  0x0000028fc9dc2800 JavaThread "WorkerExecutor Queue Thread 7" [_thread_blocked, id=468, stack(0x000000c538b00000,0x000000c538c00000)]
  0x0000028fc9dbd800 JavaThread "WorkerExecutor Queue Thread 9" [_thread_blocked, id=8596, stack(0x000000c538d00000,0x000000c538e00000)]
  0x0000028fc9dc3000 JavaThread "ForkJoinPool-1-worker-3" daemon [_thread_blocked, id=2584, stack(0x000000c538f00000,0x000000c539000000)]
  0x0000028fc9dc1800 JavaThread "ForkJoinPool-1-worker-5" daemon [_thread_blocked, id=4328, stack(0x000000c539000000,0x000000c539100000)]
  0x0000028fc9dc4000 JavaThread "ForkJoinPool-1-worker-7" daemon [_thread_blocked, id=12832, stack(0x000000c539100000,0x000000c539200000)]
  0x0000028fc6418000 JavaThread "ForkJoinPool-1-worker-9" daemon [_thread_blocked, id=4228, stack(0x000000c539200000,0x000000c539300000)]
  0x0000028fc6418800 JavaThread "ForkJoinPool-1-worker-11" daemon [_thread_blocked, id=11892, stack(0x000000c539300000,0x000000c539400000)]
  0x0000028fc6415800 JavaThread "ForkJoinPool-1-worker-13" daemon [_thread_blocked, id=7676, stack(0x000000c539400000,0x000000c539500000)]
  0x0000028fc6423000 JavaThread "ForkJoinPool-1-worker-15" daemon [_thread_blocked, id=1468, stack(0x000000c539500000,0x000000c539600000)]
  0x0000028fc6421800 JavaThread "ForkJoinPool-1-worker-1" daemon [_thread_blocked, id=1548, stack(0x000000c539600000,0x000000c539700000)]

Other Threads:
=>0x0000028fc21e2000 VMThread "VM Thread" [stack: 0x000000c533a00000,0x000000c533b00000] [id=5316]
  0x0000028fc2d2f000 WatcherThread [stack: 0x000000c534400000,0x000000c534500000] [id=10584]
  0x0000028fa5df8800 GCTaskThread "GC Thread#0" [stack: 0x000000c533500000,0x000000c533600000] [id=9952]
  0x0000028fc36f8000 GCTaskThread "GC Thread#1" [stack: 0x000000c534600000,0x000000c534700000] [id=3544]
  0x0000028fc3883800 GCTaskThread "GC Thread#2" [stack: 0x000000c534700000,0x000000c534800000] [id=2480]
  0x0000028fc42ee800 GCTaskThread "GC Thread#3" [stack: 0x000000c535200000,0x000000c535300000] [id=2496]
  0x0000028fc506e800 GCTaskThread "GC Thread#4" [stack: 0x000000c535300000,0x000000c535400000] [id=10308]
  0x0000028fc40e8000 GCTaskThread "GC Thread#5" [stack: 0x000000c535400000,0x000000c535500000] [id=4888]
  0x0000028fc4ecf000 GCTaskThread "GC Thread#6" [stack: 0x000000c535500000,0x000000c535600000] [id=3868]
  0x0000028fc53f8800 GCTaskThread "GC Thread#7" [stack: 0x000000c535600000,0x000000c535700000] [id=12416]
  0x0000028fa5e29000 ConcurrentGCThread "G1 Main Marker" [stack: 0x000000c533600000,0x000000c533700000] [id=13112]
  0x0000028fa5e2a800 ConcurrentGCThread "G1 Conc#0" [stack: 0x000000c533700000,0x000000c533800000] [id=10924]
  0x0000028fc4f01000 ConcurrentGCThread "G1 Conc#1" [stack: 0x000000c535900000,0x000000c535a00000] [id=6052]
  0x0000028fc2032800 ConcurrentGCThread "G1 Refine#0" [stack: 0x000000c533800000,0x000000c533900000] [id=6696]
  0x0000028fc800f000 ConcurrentGCThread "G1 Refine#1" [stack: 0x000000c535100000,0x000000c535200000] [id=2840]
  0x0000028fa5eac000 ConcurrentGCThread "G1 Young RemSet Sampling" [stack: 0x000000c533900000,0x000000c533a00000] [id=8516]

Threads with active compile tasks:
C2 CompilerThread01823629 24288 %     4       com.android.tools.r8.internal.i8::a @ 3 (80 bytes)
C2 CompilerThread11823629 24265       4       com.android.tools.r8.internal.Uu$$Lambda$1610/0x0000000100e38440::compare (20 bytes)

VM state:at safepoint (normal execution)

VM Mutex/Monitor currently owned by a thread:  ([mutex/lock_event])
[0x0000028fa5ddc980] Threads_lock - owner thread: 0x0000028fc21e2000
[0x0000028fa5ddc7d0] Heap_lock - owner thread: 0x0000028fc6423000

Heap address: 0x0000000080000000, size: 2048 MB, Compressed Oops mode: 32-bit
Narrow klass base: 0x0000000000000000, Narrow klass shift: 3
Compressed class space size: 1073741824 Address: 0x0000000100000000

Heap:
 garbage-first heap   total 724992K, used 194276K [0x0000000080000000, 0x0000000100000000)
  region size 1024K, 3 young (3072K), 3 survivors (3072K)
 Metaspace       used 131060K, capacity 135564K, committed 135772K, reserved 1167360K
  class space    used 16611K, capacity 18265K, committed 18380K, reserved 1048576K
Heap Regions: E=young(eden), S=young(survivor), O=old, HS=humongous(starts), HC=humongous(continues), CS=collection set, F=free, A=archive, TAMS=top-at-mark-start (previous, next)
|   0|0x0000000080000000, 0x0000000080100000, 0x0000000080100000|100%| O|  |TAMS 0x0000000080100000, 0x0000000080100000| Untracked 
|   1|0x0000000080100000, 0x0000000080200000, 0x0000000080200000|100%| O|  |TAMS 0x0000000080200000, 0x0000000080200000| Untracked 
|   2|0x0000000080200000, 0x0000000080300000, 0x0000000080300000|100%| O|  |TAMS 0x0000000080300000, 0x0000000080300000| Untracked 
|   3|0x0000000080300000, 0x0000000080400000, 0x0000000080400000|100%|HS|  |TAMS 0x0000000080400000, 0x0000000080400000| Complete 
|   4|0x0000000080400000, 0x0000000080500000, 0x0000000080500000|100%|HC|  |TAMS 0x0000000080500000, 0x0000000080500000| Complete 
|   5|0x0000000080500000, 0x0000000080600000, 0x0000000080600000|100%|HC|  |TAMS 0x0000000080600000, 0x0000000080600000| Complete 
|   6|0x0000000080600000, 0x0000000080700000, 0x0000000080700000|100%| O|  |TAMS 0x0000000080700000, 0x0000000080700000| Untracked 
|   7|0x0000000080700000, 0x0000000080800000, 0x0000000080800000|100%| O|  |TAMS 0x0000000080800000, 0x0000000080800000| Untracked 
|   8|0x0000000080800000, 0x0000000080900000, 0x0000000080900000|100%| O|  |TAMS 0x0000000080900000, 0x0000000080900000| Untracked 
|   9|0x0000000080900000, 0x0000000080a00000, 0x0000000080a00000|100%| O|  |TAMS 0x0000000080a00000, 0x0000000080a00000| Untracked 
|  10|0x0000000080a00000, 0x0000000080b00000, 0x0000000080b00000|100%| O|  |TAMS 0x0000000080b00000, 0x0000000080b00000| Untracked 
|  11|0x0000000080b00000, 0x0000000080c00000, 0x0000000080c00000|100%| O|  |TAMS 0x0000000080c00000, 0x0000000080c00000| Untracked 
|  12|0x0000000080c00000, 0x0000000080d00000, 0x0000000080d00000|100%| O|  |TAMS 0x0000000080d00000, 0x0000000080d00000| Untracked 
|  13|0x0000000080d00000, 0x0000000080e00000, 0x0000000080e00000|100%| O|  |TAMS 0x0000000080e00000, 0x0000000080e00000| Untracked 
|  14|0x0000000080e00000, 0x0000000080f00000, 0x0000000080f00000|100%| O|  |TAMS 0x0000000080f00000, 0x0000000080f00000| Untracked 
|  15|0x0000000080f00000, 0x0000000081000000, 0x0000000081000000|100%| O|  |TAMS 0x0000000081000000, 0x0000000081000000| Untracked 
|  16|0x0000000081000000, 0x0000000081100000, 0x0000000081100000|100%| O|  |TAMS 0x0000000081100000, 0x0000000081100000| Untracked 
|  17|0x0000000081100000, 0x0000000081200000, 0x0000000081200000|100%| O|  |TAMS 0x0000000081200000, 0x0000000081200000| Untracked 
|  18|0x0000000081200000, 0x0000000081300000, 0x0000000081300000|100%| O|  |TAMS 0x0000000081300000, 0x0000000081300000| Untracked 
|  19|0x0000000081300000, 0x0000000081400000, 0x0000000081400000|100%| O|  |TAMS 0x0000000081400000, 0x0000000081400000| Untracked 
|  20|0x0000000081400000, 0x0000000081500000, 0x0000000081500000|100%| O|  |TAMS 0x0000000081500000, 0x0000000081500000| Untracked 
|  21|0x0000000081500000, 0x0000000081600000, 0x0000000081600000|100%| O|  |TAMS 0x0000000081600000, 0x0000000081600000| Untracked 
|  22|0x0000000081600000, 0x0000000081700000, 0x0000000081700000|100%| O|  |TAMS 0x0000000081700000, 0x0000000081700000| Untracked 
|  23|0x0000000081700000, 0x0000000081800000, 0x0000000081800000|100%| O|  |TAMS 0x0000000081800000, 0x0000000081800000| Untracked 
|  24|0x0000000081800000, 0x0000000081900000, 0x0000000081900000|100%| O|  |TAMS 0x0000000081900000, 0x0000000081900000| Untracked 
|  25|0x0000000081900000, 0x0000000081a00000, 0x0000000081a00000|100%| O|  |TAMS 0x0000000081a00000, 0x0000000081a00000| Untracked 
|  26|0x0000000081a00000, 0x0000000081b00000, 0x0000000081b00000|100%|HS|  |TAMS 0x0000000081b00000, 0x0000000081b00000| Complete 
|  27|0x0000000081b00000, 0x0000000081c00000, 0x0000000081c00000|100%|HS|  |TAMS 0x0000000081c00000, 0x0000000081c00000| Complete 
|  28|0x0000000081c00000, 0x0000000081d00000, 0x0000000081d00000|100%|HS|  |TAMS 0x0000000081d00000, 0x0000000081d00000| Complete 
|  29|0x0000000081d00000, 0x0000000081e00000, 0x0000000081e00000|100%|HS|  |TAMS 0x0000000081e00000, 0x0000000081e00000| Complete 
|  30|0x0000000081e00000, 0x0000000081f00000, 0x0000000081f00000|100%|HC|  |TAMS 0x0000000081f00000, 0x0000000081f00000| Complete 
|  31|0x0000000081f00000, 0x0000000082000000, 0x0000000082000000|100%|HC|  |TAMS 0x0000000082000000, 0x0000000082000000| Complete 
|  32|0x0000000082000000, 0x0000000082100000, 0x0000000082100000|100%|HS|  |TAMS 0x0000000082100000, 0x0000000082100000| Complete 
|  33|0x0000000082100000, 0x0000000082200000, 0x0000000082200000|100%|HC|  |TAMS 0x0000000082200000, 0x0000000082200000| Complete 
|  34|0x0000000082200000, 0x0000000082300000, 0x0000000082300000|100%| O|  |TAMS 0x0000000082300000, 0x0000000082300000| Untracked 
|  35|0x0000000082300000, 0x0000000082400000, 0x0000000082400000|100%| O|  |TAMS 0x0000000082400000, 0x0000000082400000| Untracked 
|  36|0x0000000082400000, 0x0000000082500000, 0x0000000082500000|100%| O|  |TAMS 0x0000000082500000, 0x0000000082500000| Untracked 
|  37|0x0000000082500000, 0x0000000082600000, 0x0000000082600000|100%| O|  |TAMS 0x0000000082600000, 0x0000000082600000| Untracked 
|  38|0x0000000082600000, 0x0000000082700000, 0x0000000082700000|100%| O|  |TAMS 0x0000000082700000, 0x0000000082700000| Untracked 
|  39|0x0000000082700000, 0x0000000082800000, 0x0000000082800000|100%| O|  |TAMS 0x0000000082800000, 0x0000000082800000| Untracked 
|  40|0x0000000082800000, 0x0000000082900000, 0x0000000082900000|100%| O|  |TAMS 0x0000000082900000, 0x0000000082900000| Untracked 
|  41|0x0000000082900000, 0x0000000082a00000, 0x0000000082a00000|100%| O|  |TAMS 0x0000000082a00000, 0x0000000082a00000| Untracked 
|  42|0x0000000082a00000, 0x0000000082b00000, 0x0000000082b00000|100%| O|  |TAMS 0x0000000082b00000, 0x0000000082b00000| Untracked 
|  43|0x0000000082b00000, 0x0000000082c00000, 0x0000000082c00000|100%| O|  |TAMS 0x0000000082c00000, 0x0000000082c00000| Untracked 
|  44|0x0000000082c00000, 0x0000000082d00000, 0x0000000082d00000|100%| O|  |TAMS 0x0000000082d00000, 0x0000000082d00000| Untracked 
|  45|0x0000000082d00000, 0x0000000082e00000, 0x0000000082e00000|100%| O|  |TAMS 0x0000000082e00000, 0x0000000082e00000| Untracked 
|  46|0x0000000082e00000, 0x0000000082f00000, 0x0000000082f00000|100%| O|  |TAMS 0x0000000082f00000, 0x0000000082f00000| Untracked 
|  47|0x0000000082f00000, 0x0000000083000000, 0x0000000083000000|100%| O|  |TAMS 0x0000000083000000, 0x0000000083000000| Untracked 
|  48|0x0000000083000000, 0x0000000083100000, 0x0000000083100000|100%| O|  |TAMS 0x0000000083100000, 0x0000000083100000| Untracked 
|  49|0x0000000083100000, 0x0000000083200000, 0x0000000083200000|100%| O|  |TAMS 0x0000000083200000, 0x0000000083200000| Untracked 
|  50|0x0000000083200000, 0x0000000083300000, 0x0000000083300000|100%| O|  |TAMS 0x0000000083300000, 0x0000000083300000| Untracked 
|  51|0x0000000083300000, 0x0000000083400000, 0x0000000083400000|100%| O|  |TAMS 0x0000000083400000, 0x0000000083400000| Untracked 
|  52|0x0000000083400000, 0x0000000083500000, 0x0000000083500000|100%| O|  |TAMS 0x0000000083500000, 0x0000000083500000| Untracked 
|  53|0x0000000083500000, 0x0000000083600000, 0x0000000083600000|100%| O|  |TAMS 0x0000000083600000, 0x0000000083600000| Untracked 
|  54|0x0000000083600000, 0x0000000083700000, 0x0000000083700000|100%| O|  |TAMS 0x0000000083700000, 0x0000000083700000| Untracked 
|  55|0x0000000083700000, 0x0000000083800000, 0x0000000083800000|100%| O|  |TAMS 0x0000000083800000, 0x0000000083800000| Untracked 
|  56|0x0000000083800000, 0x0000000083900000, 0x0000000083900000|100%| O|  |TAMS 0x0000000083900000, 0x0000000083900000| Untracked 
|  57|0x0000000083900000, 0x0000000083a00000, 0x0000000083a00000|100%| O|  |TAMS 0x0000000083a00000, 0x0000000083a00000| Untracked 
|  58|0x0000000083a00000, 0x0000000083b00000, 0x0000000083b00000|100%| O|  |TAMS 0x0000000083b00000, 0x0000000083b00000| Untracked 
|  59|0x0000000083b00000, 0x0000000083c00000, 0x0000000083c00000|100%| O|  |TAMS 0x0000000083c00000, 0x0000000083c00000| Untracked 
|  60|0x0000000083c00000, 0x0000000083d00000, 0x0000000083d00000|100%| O|  |TAMS 0x0000000083d00000, 0x0000000083d00000| Untracked 
|  61|0x0000000083d00000, 0x0000000083e00000, 0x0000000083e00000|100%| O|  |TAMS 0x0000000083e00000, 0x0000000083e00000| Untracked 
|  62|0x0000000083e00000, 0x0000000083f00000, 0x0000000083f00000|100%| O|  |TAMS 0x0000000083f00000, 0x0000000083f00000| Untracked 
|  63|0x0000000083f00000, 0x0000000084000000, 0x0000000084000000|100%| O|  |TAMS 0x0000000084000000, 0x0000000084000000| Untracked 
|  64|0x0000000084000000, 0x0000000084100000, 0x0000000084100000|100%| O|  |TAMS 0x0000000084100000, 0x0000000084100000| Untracked 
|  65|0x0000000084100000, 0x0000000084200000, 0x0000000084200000|100%| O|  |TAMS 0x0000000084200000, 0x0000000084200000| Untracked 
|  66|0x0000000084200000, 0x0000000084300000, 0x0000000084300000|100%| O|  |TAMS 0x0000000084300000, 0x0000000084300000| Untracked 
|  67|0x0000000084300000, 0x0000000084300000, 0x0000000084400000|  0%| F|  |TAMS 0x0000000084300000, 0x0000000084300000| Untracked 
|  68|0x0000000084400000, 0x0000000084500000, 0x0000000084500000|100%| O|  |TAMS 0x0000000084500000, 0x0000000084500000| Untracked 
|  69|0x0000000084500000, 0x0000000084600000, 0x0000000084600000|100%| O|  |TAMS 0x0000000084600000, 0x0000000084600000| Untracked 
|  70|0x0000000084600000, 0x0000000084700000, 0x0000000084700000|100%| O|  |TAMS 0x0000000084700000, 0x0000000084700000| Untracked 
|  71|0x0000000084700000, 0x0000000084800000, 0x0000000084800000|100%| O|  |TAMS 0x0000000084800000, 0x0000000084800000| Untracked 
|  72|0x0000000084800000, 0x0000000084900000, 0x0000000084900000|100%| O|  |TAMS 0x0000000084900000, 0x0000000084900000| Untracked 
|  73|0x0000000084900000, 0x0000000084a00000, 0x0000000084a00000|100%| O|  |TAMS 0x0000000084a00000, 0x0000000084a00000| Untracked 
|  74|0x0000000084a00000, 0x0000000084b00000, 0x0000000084b00000|100%| O|  |TAMS 0x0000000084b00000, 0x0000000084b00000| Untracked 
|  75|0x0000000084b00000, 0x0000000084c00000, 0x0000000084c00000|100%| O|  |TAMS 0x0000000084c00000, 0x0000000084c00000| Untracked 
|  76|0x0000000084c00000, 0x0000000084d00000, 0x0000000084d00000|100%| O|  |TAMS 0x0000000084d00000, 0x0000000084d00000| Untracked 
|  77|0x0000000084d00000, 0x0000000084e00000, 0x0000000084e00000|100%| O|  |TAMS 0x0000000084e00000, 0x0000000084e00000| Untracked 
|  78|0x0000000084e00000, 0x0000000084f00000, 0x0000000084f00000|100%| O|  |TAMS 0x0000000084f00000, 0x0000000084f00000| Untracked 
|  79|0x0000000084f00000, 0x0000000085000000, 0x0000000085000000|100%| O|  |TAMS 0x0000000085000000, 0x0000000085000000| Untracked 
|  80|0x0000000085000000, 0x0000000085100000, 0x0000000085100000|100%| O|  |TAMS 0x0000000085100000, 0x0000000085100000| Untracked 
|  81|0x0000000085100000, 0x0000000085200000, 0x0000000085200000|100%| O|  |TAMS 0x0000000085200000, 0x0000000085200000| Untracked 
|  82|0x0000000085200000, 0x0000000085300000, 0x0000000085300000|100%| O|  |TAMS 0x0000000085300000, 0x0000000085300000| Untracked 
|  83|0x0000000085300000, 0x0000000085400000, 0x0000000085400000|100%| O|  |TAMS 0x0000000085400000, 0x0000000085400000| Untracked 
|  84|0x0000000085400000, 0x0000000085500000, 0x0000000085500000|100%| O|  |TAMS 0x0000000085500000, 0x0000000085500000| Untracked 
|  85|0x0000000085500000, 0x0000000085600000, 0x0000000085600000|100%| O|  |TAMS 0x0000000085600000, 0x0000000085600000| Untracked 
|  86|0x0000000085600000, 0x0000000085700000, 0x0000000085700000|100%| O|  |TAMS 0x0000000085700000, 0x0000000085700000| Untracked 
|  87|0x0000000085700000, 0x0000000085800000, 0x0000000085800000|100%| O|  |TAMS 0x0000000085800000, 0x0000000085800000| Untracked 
|  88|0x0000000085800000, 0x0000000085900000, 0x0000000085900000|100%| O|  |TAMS 0x0000000085900000, 0x0000000085900000| Untracked 
|  89|0x0000000085900000, 0x0000000085a00000, 0x0000000085a00000|100%| O|  |TAMS 0x0000000085a00000, 0x0000000085a00000| Untracked 
|  90|0x0000000085a00000, 0x0000000085b00000, 0x0000000085b00000|100%| O|  |TAMS 0x0000000085b00000, 0x0000000085b00000| Untracked 
|  91|0x0000000085b00000, 0x0000000085c00000, 0x0000000085c00000|100%| O|  |TAMS 0x0000000085c00000, 0x0000000085c00000| Untracked 
|  92|0x0000000085c00000, 0x0000000085d00000, 0x0000000085d00000|100%| O|  |TAMS 0x0000000085d00000, 0x0000000085d00000| Untracked 
|  93|0x0000000085d00000, 0x0000000085e00000, 0x0000000085e00000|100%| O|  |TAMS 0x0000000085e00000, 0x0000000085e00000| Untracked 
|  94|0x0000000085e00000, 0x0000000085f00000, 0x0000000085f00000|100%| O|  |TAMS 0x0000000085f00000, 0x0000000085f00000| Untracked 
|  95|0x0000000085f00000, 0x0000000086000000, 0x0000000086000000|100%| O|  |TAMS 0x0000000086000000, 0x0000000086000000| Untracked 
|  96|0x0000000086000000, 0x0000000086000000, 0x0000000086100000|  0%| F|  |TAMS 0x0000000086000000, 0x0000000086000000| Untracked 
|  97|0x0000000086100000, 0x0000000086200000, 0x0000000086200000|100%|HS|  |TAMS 0x0000000086200000, 0x0000000086200000| Complete 
|  98|0x0000000086200000, 0x0000000086300000, 0x0000000086300000|100%| O|  |TAMS 0x0000000086300000, 0x0000000086300000| Untracked 
|  99|0x0000000086300000, 0x0000000086400000, 0x0000000086400000|100%| O|  |TAMS 0x0000000086400000, 0x0000000086400000| Untracked 
| 100|0x0000000086400000, 0x0000000086500000, 0x0000000086500000|100%| O|  |TAMS 0x0000000086500000, 0x0000000086500000| Untracked 
| 101|0x0000000086500000, 0x0000000086600000, 0x0000000086600000|100%| O|  |TAMS 0x0000000086600000, 0x0000000086600000| Untracked 
| 102|0x0000000086600000, 0x0000000086700000, 0x0000000086700000|100%|HS|  |TAMS 0x0000000086700000, 0x0000000086700000| Complete 
| 103|0x0000000086700000, 0x0000000086800000, 0x0000000086800000|100%| O|  |TAMS 0x0000000086800000, 0x0000000086800000| Untracked 
| 104|0x0000000086800000, 0x0000000086900000, 0x0000000086900000|100%|HS|  |TAMS 0x0000000086900000, 0x0000000086900000| Complete 
| 105|0x0000000086900000, 0x0000000086900000, 0x0000000086a00000|  0%| F|  |TAMS 0x0000000086900000, 0x0000000086900000| Untracked 
| 106|0x0000000086a00000, 0x0000000086b00000, 0x0000000086b00000|100%|HS|  |TAMS 0x0000000086b00000, 0x0000000086b00000| Complete 
| 107|0x0000000086b00000, 0x0000000086c00000, 0x0000000086c00000|100%|HC|  |TAMS 0x0000000086c00000, 0x0000000086c00000| Complete 
| 108|0x0000000086c00000, 0x0000000086d00000, 0x0000000086d00000|100%|HS|  |TAMS 0x0000000086d00000, 0x0000000086d00000| Complete 
| 109|0x0000000086d00000, 0x0000000086e00000, 0x0000000086e00000|100%|HC|  |TAMS 0x0000000086e00000, 0x0000000086e00000| Complete 
| 110|0x0000000086e00000, 0x0000000086f00000, 0x0000000086f00000|100%|HC|  |TAMS 0x0000000086f00000, 0x0000000086f00000| Complete 
| 111|0x0000000086f00000, 0x0000000087000000, 0x0000000087000000|100%| O|  |TAMS 0x0000000087000000, 0x0000000087000000| Untracked 
| 112|0x0000000087000000, 0x0000000087100000, 0x0000000087100000|100%| O|  |TAMS 0x0000000087100000, 0x0000000087100000| Untracked 
| 113|0x0000000087100000, 0x0000000087200000, 0x0000000087200000|100%|HS|  |TAMS 0x0000000087100000, 0x0000000087200000| Complete 
| 114|0x0000000087200000, 0x0000000087300000, 0x0000000087300000|100%|HS|  |TAMS 0x0000000087200000, 0x0000000087300000| Complete 
| 115|0x0000000087300000, 0x0000000087400000, 0x0000000087400000|100%| O|  |TAMS 0x0000000087400000, 0x0000000087400000| Untracked 
| 116|0x0000000087400000, 0x0000000087500000, 0x0000000087500000|100%|HS|  |TAMS 0x0000000087400000, 0x0000000087500000| Complete 
| 117|0x0000000087500000, 0x0000000087600000, 0x0000000087600000|100%| O|  |TAMS 0x0000000087600000, 0x0000000087600000| Untracked 
| 118|0x0000000087600000, 0x0000000087700000, 0x0000000087700000|100%| O|  |TAMS 0x0000000087600000, 0x0000000087700000| Untracked 
| 119|0x0000000087700000, 0x0000000087800000, 0x0000000087800000|100%| O|  |TAMS 0x0000000087800000, 0x0000000087800000| Untracked 
| 120|0x0000000087800000, 0x0000000087900000, 0x0000000087900000|100%| O|  |TAMS 0x0000000087800000, 0x0000000087900000| Untracked 
| 121|0x0000000087900000, 0x0000000087a00000, 0x0000000087a00000|100%| O|  |TAMS 0x0000000087a00000, 0x0000000087a00000| Untracked 
| 122|0x0000000087a00000, 0x0000000087b00000, 0x0000000087b00000|100%| O|  |TAMS 0x0000000087b00000, 0x0000000087b00000| Untracked 
| 123|0x0000000087b00000, 0x0000000087c00000, 0x0000000087c00000|100%| O|  |TAMS 0x0000000087c00000, 0x0000000087c00000| Untracked 
| 124|0x0000000087c00000, 0x0000000087c00000, 0x0000000087d00000|  0%| F|  |TAMS 0x0000000087c00000, 0x0000000087c00000| Untracked 
| 125|0x0000000087d00000, 0x0000000087e00000, 0x0000000087e00000|100%|HS|  |TAMS 0x0000000087d00000, 0x0000000087e00000| Complete 
| 126|0x0000000087e00000, 0x0000000087f00000, 0x0000000087f00000|100%|HC|  |TAMS 0x0000000087e00000, 0x0000000087f00000| Complete 
| 127|0x0000000087f00000, 0x0000000088000000, 0x0000000088000000|100%| O|  |TAMS 0x0000000087f00000, 0x0000000088000000| Untracked 
| 128|0x0000000088000000, 0x0000000088100000, 0x0000000088100000|100%|HS|  |TAMS 0x0000000088100000, 0x0000000088100000| Complete 
| 129|0x0000000088100000, 0x0000000088200000, 0x0000000088200000|100%| O|  |TAMS 0x0000000088200000, 0x0000000088200000| Untracked 
| 130|0x0000000088200000, 0x0000000088300000, 0x0000000088300000|100%| O|  |TAMS 0x0000000088300000, 0x0000000088300000| Untracked 
| 131|0x0000000088300000, 0x0000000088400000, 0x0000000088400000|100%| O|  |TAMS 0x0000000088400000, 0x0000000088400000| Untracked 
| 132|0x0000000088400000, 0x0000000088400000, 0x0000000088500000|  0%| F|  |TAMS 0x0000000088400000, 0x0000000088400000| Untracked 
| 133|0x0000000088500000, 0x0000000088500000, 0x0000000088600000|  0%| F|  |TAMS 0x0000000088500000, 0x0000000088500000| Untracked 
| 134|0x0000000088600000, 0x0000000088700000, 0x0000000088700000|100%| O|  |TAMS 0x0000000088700000, 0x0000000088700000| Untracked 
| 135|0x0000000088700000, 0x0000000088800000, 0x0000000088800000|100%| O|  |TAMS 0x0000000088800000, 0x0000000088800000| Untracked 
| 136|0x0000000088800000, 0x0000000088900000, 0x0000000088900000|100%| O|  |TAMS 0x0000000088900000, 0x0000000088900000| Untracked 
| 137|0x0000000088900000, 0x0000000088a00000, 0x0000000088a00000|100%| O|  |TAMS 0x0000000088a00000, 0x0000000088a00000| Untracked 
| 138|0x0000000088a00000, 0x0000000088b00000, 0x0000000088b00000|100%| O|  |TAMS 0x0000000088b00000, 0x0000000088b00000| Untracked 
| 139|0x0000000088b00000, 0x0000000088c00000, 0x0000000088c00000|100%| O|  |TAMS 0x0000000088c00000, 0x0000000088c00000| Untracked 
| 140|0x0000000088c00000, 0x0000000088d00000, 0x0000000088d00000|100%| O|  |TAMS 0x0000000088d00000, 0x0000000088d00000| Untracked 
| 141|0x0000000088d00000, 0x0000000088d00000, 0x0000000088e00000|  0%| F|  |TAMS 0x0000000088d00000, 0x0000000088d00000| Untracked 
| 142|0x0000000088e00000, 0x0000000088e00000, 0x0000000088f00000|  0%| F|  |TAMS 0x0000000088e00000, 0x0000000088e00000| Untracked 
| 143|0x0000000088f00000, 0x0000000089000000, 0x0000000089000000|100%| O|  |TAMS 0x0000000089000000, 0x0000000089000000| Untracked 
| 144|0x0000000089000000, 0x0000000089100000, 0x0000000089100000|100%| O|  |TAMS 0x0000000089100000, 0x0000000089100000| Untracked 
| 145|0x0000000089100000, 0x0000000089200000, 0x0000000089200000|100%| O|  |TAMS 0x0000000089200000, 0x0000000089200000| Untracked 
| 146|0x0000000089200000, 0x0000000089300000, 0x0000000089300000|100%| O|  |TAMS 0x0000000089300000, 0x0000000089300000| Untracked 
| 147|0x0000000089300000, 0x0000000089400000, 0x0000000089400000|100%| O|  |TAMS 0x0000000089400000, 0x0000000089400000| Untracked 
| 148|0x0000000089400000, 0x0000000089400000, 0x0000000089500000|  0%| F|  |TAMS 0x0000000089400000, 0x0000000089400000| Untracked 
| 149|0x0000000089500000, 0x0000000089600000, 0x0000000089600000|100%| O|  |TAMS 0x0000000089600000, 0x0000000089600000| Untracked 
| 150|0x0000000089600000, 0x0000000089700000, 0x0000000089700000|100%| O|  |TAMS 0x0000000089700000, 0x0000000089700000| Untracked 
| 151|0x0000000089700000, 0x0000000089800000, 0x0000000089800000|100%| O|  |TAMS 0x0000000089800000, 0x0000000089800000| Untracked 
| 152|0x0000000089800000, 0x0000000089900000, 0x0000000089900000|100%| O|  |TAMS 0x0000000089900000, 0x0000000089900000| Untracked 
| 153|0x0000000089900000, 0x0000000089900000, 0x0000000089a00000|  0%| F|  |TAMS 0x0000000089900000, 0x0000000089900000| Untracked 
| 154|0x0000000089a00000, 0x0000000089b00000, 0x0000000089b00000|100%| O|  |TAMS 0x0000000089b00000, 0x0000000089b00000| Untracked 
| 155|0x0000000089b00000, 0x0000000089c00000, 0x0000000089c00000|100%| O|  |TAMS 0x0000000089c00000, 0x0000000089c00000| Untracked 
| 156|0x0000000089c00000, 0x0000000089d00000, 0x0000000089d00000|100%| O|  |TAMS 0x0000000089d00000, 0x0000000089d00000| Untracked 
| 157|0x0000000089d00000, 0x0000000089d00000, 0x0000000089e00000|  0%| F|  |TAMS 0x0000000089d00000, 0x0000000089d00000| Untracked 
| 158|0x0000000089e00000, 0x0000000089f00000, 0x0000000089f00000|100%| O|  |TAMS 0x0000000089f00000, 0x0000000089f00000| Untracked 
| 159|0x0000000089f00000, 0x000000008a000000, 0x000000008a000000|100%| O|  |TAMS 0x000000008a000000, 0x000000008a000000| Untracked 
| 160|0x000000008a000000, 0x000000008a100000, 0x000000008a100000|100%| O|  |TAMS 0x000000008a100000, 0x000000008a100000| Untracked 
| 161|0x000000008a100000, 0x000000008a200000, 0x000000008a200000|100%| O|  |TAMS 0x000000008a200000, 0x000000008a200000| Untracked 
| 162|0x000000008a200000, 0x000000008a200000, 0x000000008a300000|  0%| F|  |TAMS 0x000000008a200000, 0x000000008a200000| Untracked 
| 163|0x000000008a300000, 0x000000008a400000, 0x000000008a400000|100%| O|  |TAMS 0x000000008a400000, 0x000000008a400000| Untracked 
| 164|0x000000008a400000, 0x000000008a400000, 0x000000008a500000|  0%| F|  |TAMS 0x000000008a400000, 0x000000008a400000| Untracked 
| 165|0x000000008a500000, 0x000000008a600000, 0x000000008a600000|100%| O|  |TAMS 0x000000008a600000, 0x000000008a600000| Untracked 
| 166|0x000000008a600000, 0x000000008a700000, 0x000000008a700000|100%| O|  |TAMS 0x000000008a698600, 0x000000008a700000| Untracked 
| 167|0x000000008a700000, 0x000000008a800000, 0x000000008a800000|100%|HS|  |TAMS 0x000000008a700000, 0x000000008a800000| Complete 
| 168|0x000000008a800000, 0x000000008a900000, 0x000000008a900000|100%|HS|  |TAMS 0x000000008a800000, 0x000000008a900000| Complete 
| 169|0x000000008a900000, 0x000000008aa00000, 0x000000008aa00000|100%|HS|  |TAMS 0x000000008a900000, 0x000000008aa00000| Complete 
| 170|0x000000008aa00000, 0x000000008ab00000, 0x000000008ab00000|100%|HC|  |TAMS 0x000000008aa00000, 0x000000008ab00000| Complete 
| 171|0x000000008ab00000, 0x000000008ac00000, 0x000000008ac00000|100%|HS|  |TAMS 0x000000008ab00000, 0x000000008ac00000| Complete 
| 172|0x000000008ac00000, 0x000000008ad00000, 0x000000008ad00000|100%|HC|  |TAMS 0x000000008ac00000, 0x000000008ad00000| Complete 
| 173|0x000000008ad00000, 0x000000008ae00000, 0x000000008ae00000|100%| O|  |TAMS 0x000000008ad00000, 0x000000008ae00000| Untracked 
| 174|0x000000008ae00000, 0x000000008af00000, 0x000000008af00000|100%| O|  |TAMS 0x000000008ae00000, 0x000000008af00000| Untracked 
| 175|0x000000008af00000, 0x000000008b000000, 0x000000008b000000|100%| O|  |TAMS 0x000000008af00000, 0x000000008b000000| Untracked 
| 176|0x000000008b000000, 0x000000008b100000, 0x000000008b100000|100%| O|  |TAMS 0x000000008b000000, 0x000000008b100000| Untracked 
| 177|0x000000008b100000, 0x000000008b200000, 0x000000008b200000|100%| O|  |TAMS 0x000000008b100000, 0x000000008b200000| Untracked 
| 178|0x000000008b200000, 0x000000008b300000, 0x000000008b300000|100%| O|  |TAMS 0x000000008b200000, 0x000000008b300000| Untracked 
| 179|0x000000008b300000, 0x000000008b400000, 0x000000008b400000|100%| O|  |TAMS 0x000000008b300000, 0x000000008b400000| Untracked 
| 180|0x000000008b400000, 0x000000008b500000, 0x000000008b500000|100%| O|  |TAMS 0x000000008b400000, 0x000000008b500000| Untracked 
| 181|0x000000008b500000, 0x000000008b600000, 0x000000008b600000|100%| O|  |TAMS 0x000000008b500000, 0x000000008b600000| Untracked 
| 182|0x000000008b600000, 0x000000008b700000, 0x000000008b700000|100%| O|  |TAMS 0x000000008b600000, 0x000000008b700000| Untracked 
| 183|0x000000008b700000, 0x000000008b800000, 0x000000008b800000|100%| O|  |TAMS 0x000000008b700000, 0x000000008b800000| Untracked 
| 184|0x000000008b800000, 0x000000008b900000, 0x000000008b900000|100%| O|  |TAMS 0x000000008b800000, 0x000000008b900000| Untracked 
| 185|0x000000008b900000, 0x000000008b940200, 0x000000008ba00000| 25%| O|  |TAMS 0x000000008b900000, 0x000000008b940200| Untracked 
| 186|0x000000008ba00000, 0x000000008bb00000, 0x000000008bb00000|100%| O|  |TAMS 0x000000008bb00000, 0x000000008bb00000| Untracked 
| 187|0x000000008bb00000, 0x000000008bc00000, 0x000000008bc00000|100%| O|  |TAMS 0x000000008bc00000, 0x000000008bc00000| Untracked 
| 188|0x000000008bc00000, 0x000000008bd00000, 0x000000008bd00000|100%| O|  |TAMS 0x000000008bd00000, 0x000000008bd00000| Untracked 
| 189|0x000000008bd00000, 0x000000008be00000, 0x000000008be00000|100%| O|  |TAMS 0x000000008be00000, 0x000000008be00000| Untracked 
| 190|0x000000008be00000, 0x000000008bf00000, 0x000000008bf00000|100%| O|  |TAMS 0x000000008bf00000, 0x000000008bf00000| Untracked 
| 191|0x000000008bf00000, 0x000000008c000000, 0x000000008c000000|100%| O|  |TAMS 0x000000008c000000, 0x000000008c000000| Untracked 
| 192|0x000000008c000000, 0x000000008c100000, 0x000000008c100000|100%| O|  |TAMS 0x000000008c100000, 0x000000008c100000| Untracked 
| 193|0x000000008c100000, 0x000000008c200000, 0x000000008c200000|100%| O|  |TAMS 0x000000008c200000, 0x000000008c200000| Untracked 
| 194|0x000000008c200000, 0x000000008c300000, 0x000000008c300000|100%| O|  |TAMS 0x000000008c300000, 0x000000008c300000| Untracked 
| 195|0x000000008c300000, 0x000000008c400000, 0x000000008c400000|100%| O|  |TAMS 0x000000008c400000, 0x000000008c400000| Untracked 
| 196|0x000000008c400000, 0x000000008c500000, 0x000000008c500000|100%| O|  |TAMS 0x000000008c500000, 0x000000008c500000| Untracked 
| 197|0x000000008c500000, 0x000000008c600000, 0x000000008c600000|100%| O|  |TAMS 0x000000008c600000, 0x000000008c600000| Untracked 
| 198|0x000000008c600000, 0x000000008c700000, 0x000000008c700000|100%| O|  |TAMS 0x000000008c700000, 0x000000008c700000| Untracked 
| 199|0x000000008c700000, 0x000000008c800000, 0x000000008c800000|100%| O|  |TAMS 0x000000008c800000, 0x000000008c800000| Untracked 
| 200|0x000000008c800000, 0x000000008c900000, 0x000000008c900000|100%| O|  |TAMS 0x000000008c900000, 0x000000008c900000| Untracked 
| 201|0x000000008c900000, 0x000000008c900000, 0x000000008ca00000|  0%| F|  |TAMS 0x000000008c900000, 0x000000008c900000| Untracked 
| 202|0x000000008ca00000, 0x000000008ca00000, 0x000000008cb00000|  0%| F|  |TAMS 0x000000008ca00000, 0x000000008ca00000| Untracked 
| 203|0x000000008cb00000, 0x000000008cb00000, 0x000000008cc00000|  0%| F|  |TAMS 0x000000008cb00000, 0x000000008cb00000| Untracked 
| 204|0x000000008cc00000, 0x000000008cc00000, 0x000000008cd00000|  0%| F|  |TAMS 0x000000008cc00000, 0x000000008cc00000| Untracked 
| 205|0x000000008cd00000, 0x000000008cd00000, 0x000000008ce00000|  0%| F|  |TAMS 0x000000008cd00000, 0x000000008cd00000| Untracked 
| 206|0x000000008ce00000, 0x000000008ce00000, 0x000000008cf00000|  0%| F|  |TAMS 0x000000008ce00000, 0x000000008ce00000| Untracked 
| 207|0x000000008cf00000, 0x000000008cf00000, 0x000000008d000000|  0%| F|  |TAMS 0x000000008cf00000, 0x000000008cf00000| Untracked 
| 208|0x000000008d000000, 0x000000008d000000, 0x000000008d100000|  0%| F|  |TAMS 0x000000008d000000, 0x000000008d000000| Untracked 
| 209|0x000000008d100000, 0x000000008d100000, 0x000000008d200000|  0%| F|  |TAMS 0x000000008d100000, 0x000000008d100000| Untracked 
| 210|0x000000008d200000, 0x000000008d200000, 0x000000008d300000|  0%| F|  |TAMS 0x000000008d200000, 0x000000008d200000| Untracked 
| 211|0x000000008d300000, 0x000000008d300000, 0x000000008d400000|  0%| F|  |TAMS 0x000000008d300000, 0x000000008d300000| Untracked 
| 212|0x000000008d400000, 0x000000008d400000, 0x000000008d500000|  0%| F|  |TAMS 0x000000008d400000, 0x000000008d400000| Untracked 
| 213|0x000000008d500000, 0x000000008d500000, 0x000000008d600000|  0%| F|  |TAMS 0x000000008d500000, 0x000000008d500000| Untracked 
| 214|0x000000008d600000, 0x000000008d600000, 0x000000008d700000|  0%| F|  |TAMS 0x000000008d600000, 0x000000008d600000| Untracked 
| 215|0x000000008d700000, 0x000000008d700000, 0x000000008d800000|  0%| F|  |TAMS 0x000000008d700000, 0x000000008d700000| Untracked 
| 216|0x000000008d800000, 0x000000008d800000, 0x000000008d900000|  0%| F|  |TAMS 0x000000008d800000, 0x000000008d800000| Untracked 
| 217|0x000000008d900000, 0x000000008d900000, 0x000000008da00000|  0%| F|  |TAMS 0x000000008d900000, 0x000000008d900000| Untracked 
| 218|0x000000008da00000, 0x000000008da00000, 0x000000008db00000|  0%| F|  |TAMS 0x000000008da00000, 0x000000008da00000| Untracked 
| 219|0x000000008db00000, 0x000000008db00000, 0x000000008dc00000|  0%| F|  |TAMS 0x000000008db00000, 0x000000008db00000| Untracked 
| 220|0x000000008dc00000, 0x000000008dc00000, 0x000000008dd00000|  0%| F|  |TAMS 0x000000008dc00000, 0x000000008dc00000| Untracked 
| 221|0x000000008dd00000, 0x000000008dd00000, 0x000000008de00000|  0%| F|  |TAMS 0x000000008dd00000, 0x000000008dd00000| Untracked 
| 222|0x000000008de00000, 0x000000008de00000, 0x000000008df00000|  0%| F|  |TAMS 0x000000008de00000, 0x000000008de00000| Untracked 
| 223|0x000000008df00000, 0x000000008df00000, 0x000000008e000000|  0%| F|  |TAMS 0x000000008df00000, 0x000000008df00000| Untracked 
| 224|0x000000008e000000, 0x000000008e000000, 0x000000008e100000|  0%| F|  |TAMS 0x000000008e000000, 0x000000008e000000| Untracked 
| 225|0x000000008e100000, 0x000000008e100000, 0x000000008e200000|  0%| F|  |TAMS 0x000000008e100000, 0x000000008e100000| Untracked 
| 226|0x000000008e200000, 0x000000008e200000, 0x000000008e300000|  0%| F|  |TAMS 0x000000008e200000, 0x000000008e200000| Untracked 
| 227|0x000000008e300000, 0x000000008e300000, 0x000000008e400000|  0%| F|  |TAMS 0x000000008e300000, 0x000000008e300000| Untracked 
| 228|0x000000008e400000, 0x000000008e400000, 0x000000008e500000|  0%| F|  |TAMS 0x000000008e400000, 0x000000008e400000| Untracked 
| 229|0x000000008e500000, 0x000000008e500000, 0x000000008e600000|  0%| F|  |TAMS 0x000000008e500000, 0x000000008e500000| Untracked 
| 230|0x000000008e600000, 0x000000008e600000, 0x000000008e700000|  0%| F|  |TAMS 0x000000008e600000, 0x000000008e600000| Untracked 
| 231|0x000000008e700000, 0x000000008e700000, 0x000000008e800000|  0%| F|  |TAMS 0x000000008e700000, 0x000000008e700000| Untracked 
| 232|0x000000008e800000, 0x000000008e800000, 0x000000008e900000|  0%| F|  |TAMS 0x000000008e800000, 0x000000008e800000| Untracked 
| 233|0x000000008e900000, 0x000000008e900000, 0x000000008ea00000|  0%| F|  |TAMS 0x000000008e900000, 0x000000008e900000| Untracked 
| 234|0x000000008ea00000, 0x000000008ea00000, 0x000000008eb00000|  0%| F|  |TAMS 0x000000008ea00000, 0x000000008ea00000| Untracked 
| 235|0x000000008eb00000, 0x000000008eb00000, 0x000000008ec00000|  0%| F|  |TAMS 0x000000008eb00000, 0x000000008eb00000| Untracked 
| 236|0x000000008ec00000, 0x000000008ec00000, 0x000000008ed00000|  0%| F|  |TAMS 0x000000008ec00000, 0x000000008ec00000| Untracked 
| 237|0x000000008ed00000, 0x000000008ed00000, 0x000000008ee00000|  0%| F|  |TAMS 0x000000008ed00000, 0x000000008ed00000| Untracked 
| 238|0x000000008ee00000, 0x000000008ee00000, 0x000000008ef00000|  0%| F|  |TAMS 0x000000008ee00000, 0x000000008ee00000| Untracked 
| 239|0x000000008ef00000, 0x000000008ef00000, 0x000000008f000000|  0%| F|  |TAMS 0x000000008ef00000, 0x000000008ef00000| Untracked 
| 240|0x000000008f000000, 0x000000008f000000, 0x000000008f100000|  0%| F|  |TAMS 0x000000008f000000, 0x000000008f000000| Untracked 
| 241|0x000000008f100000, 0x000000008f100000, 0x000000008f200000|  0%| F|  |TAMS 0x000000008f100000, 0x000000008f100000| Untracked 
| 242|0x000000008f200000, 0x000000008f200000, 0x000000008f300000|  0%| F|  |TAMS 0x000000008f200000, 0x000000008f200000| Untracked 
| 243|0x000000008f300000, 0x000000008f300000, 0x000000008f400000|  0%| F|  |TAMS 0x000000008f300000, 0x000000008f300000| Untracked 
| 244|0x000000008f400000, 0x000000008f400000, 0x000000008f500000|  0%| F|  |TAMS 0x000000008f400000, 0x000000008f400000| Untracked 
| 245|0x000000008f500000, 0x000000008f500000, 0x000000008f600000|  0%| F|  |TAMS 0x000000008f500000, 0x000000008f500000| Untracked 
| 246|0x000000008f600000, 0x000000008f600000, 0x000000008f700000|  0%| F|  |TAMS 0x000000008f600000, 0x000000008f600000| Untracked 
| 247|0x000000008f700000, 0x000000008f700000, 0x000000008f800000|  0%| F|  |TAMS 0x000000008f700000, 0x000000008f700000| Untracked 
| 248|0x000000008f800000, 0x000000008f800000, 0x000000008f900000|  0%| F|  |TAMS 0x000000008f800000, 0x000000008f800000| Untracked 
| 249|0x000000008f900000, 0x000000008f900000, 0x000000008fa00000|  0%| F|  |TAMS 0x000000008f900000, 0x000000008f900000| Untracked 
| 250|0x000000008fa00000, 0x000000008fa00000, 0x000000008fb00000|  0%| F|  |TAMS 0x000000008fa00000, 0x000000008fa00000| Untracked 
| 251|0x000000008fb00000, 0x000000008fb00000, 0x000000008fc00000|  0%| F|  |TAMS 0x000000008fb00000, 0x000000008fb00000| Untracked 
| 252|0x000000008fc00000, 0x000000008fc00000, 0x000000008fd00000|  0%| F|  |TAMS 0x000000008fc00000, 0x000000008fc00000| Untracked 
| 253|0x000000008fd00000, 0x000000008fd00000, 0x000000008fe00000|  0%| F|  |TAMS 0x000000008fd00000, 0x000000008fd00000| Untracked 
| 254|0x000000008fe00000, 0x000000008fe00000, 0x000000008ff00000|  0%| F|  |TAMS 0x000000008fe00000, 0x000000008fe00000| Untracked 
| 255|0x000000008ff00000, 0x000000008ff00000, 0x0000000090000000|  0%| F|  |TAMS 0x000000008ff00000, 0x000000008ff00000| Untracked 
| 256|0x0000000090000000, 0x0000000090000000, 0x0000000090100000|  0%| F|  |TAMS 0x0000000090000000, 0x0000000090000000| Untracked 
| 257|0x0000000090100000, 0x0000000090100000, 0x0000000090200000|  0%| F|  |TAMS 0x0000000090100000, 0x0000000090100000| Untracked 
| 258|0x0000000090200000, 0x0000000090200000, 0x0000000090300000|  0%| F|  |TAMS 0x0000000090200000, 0x0000000090200000| Untracked 
| 259|0x0000000090300000, 0x0000000090300000, 0x0000000090400000|  0%| F|  |TAMS 0x0000000090300000, 0x0000000090300000| Untracked 
| 260|0x0000000090400000, 0x0000000090400000, 0x0000000090500000|  0%| F|  |TAMS 0x0000000090400000, 0x0000000090400000| Untracked 
| 261|0x0000000090500000, 0x0000000090500000, 0x0000000090600000|  0%| F|  |TAMS 0x0000000090500000, 0x0000000090500000| Untracked 
| 262|0x0000000090600000, 0x0000000090600000, 0x0000000090700000|  0%| F|  |TAMS 0x0000000090600000, 0x0000000090600000| Untracked 
| 263|0x0000000090700000, 0x0000000090700000, 0x0000000090800000|  0%| F|  |TAMS 0x0000000090700000, 0x0000000090700000| Untracked 
| 264|0x0000000090800000, 0x0000000090800000, 0x0000000090900000|  0%| F|  |TAMS 0x0000000090800000, 0x0000000090800000| Untracked 
| 265|0x0000000090900000, 0x0000000090900000, 0x0000000090a00000|  0%| F|  |TAMS 0x0000000090900000, 0x0000000090900000| Untracked 
| 266|0x0000000090a00000, 0x0000000090a00000, 0x0000000090b00000|  0%| F|  |TAMS 0x0000000090a00000, 0x0000000090a00000| Untracked 
| 267|0x0000000090b00000, 0x0000000090b00000, 0x0000000090c00000|  0%| F|  |TAMS 0x0000000090b00000, 0x0000000090b00000| Untracked 
| 268|0x0000000090c00000, 0x0000000090c00000, 0x0000000090d00000|  0%| F|  |TAMS 0x0000000090c00000, 0x0000000090c00000| Untracked 
| 269|0x0000000090d00000, 0x0000000090d00000, 0x0000000090e00000|  0%| F|  |TAMS 0x0000000090d00000, 0x0000000090d00000| Untracked 
| 270|0x0000000090e00000, 0x0000000090e00000, 0x0000000090f00000|  0%| F|  |TAMS 0x0000000090e00000, 0x0000000090e00000| Untracked 
| 271|0x0000000090f00000, 0x0000000090f00000, 0x0000000091000000|  0%| F|  |TAMS 0x0000000090f00000, 0x0000000090f00000| Untracked 
| 272|0x0000000091000000, 0x0000000091000000, 0x0000000091100000|  0%| F|  |TAMS 0x0000000091000000, 0x0000000091000000| Untracked 
| 273|0x0000000091100000, 0x0000000091100000, 0x0000000091200000|  0%| F|  |TAMS 0x0000000091100000, 0x0000000091100000| Untracked 
| 274|0x0000000091200000, 0x0000000091200000, 0x0000000091300000|  0%| F|  |TAMS 0x0000000091200000, 0x0000000091200000| Untracked 
| 275|0x0000000091300000, 0x0000000091300000, 0x0000000091400000|  0%| F|  |TAMS 0x0000000091300000, 0x0000000091300000| Untracked 
| 276|0x0000000091400000, 0x0000000091400000, 0x0000000091500000|  0%| F|  |TAMS 0x0000000091400000, 0x0000000091400000| Untracked 
| 277|0x0000000091500000, 0x0000000091500000, 0x0000000091600000|  0%| F|  |TAMS 0x0000000091500000, 0x0000000091500000| Untracked 
| 278|0x0000000091600000, 0x0000000091600000, 0x0000000091700000|  0%| F|  |TAMS 0x0000000091600000, 0x0000000091600000| Untracked 
| 279|0x0000000091700000, 0x0000000091700000, 0x0000000091800000|  0%| F|  |TAMS 0x0000000091700000, 0x0000000091700000| Untracked 
| 280|0x0000000091800000, 0x0000000091800000, 0x0000000091900000|  0%| F|  |TAMS 0x0000000091800000, 0x0000000091800000| Untracked 
| 281|0x0000000091900000, 0x0000000091900000, 0x0000000091a00000|  0%| F|  |TAMS 0x0000000091900000, 0x0000000091900000| Untracked 
| 282|0x0000000091a00000, 0x0000000091a00000, 0x0000000091b00000|  0%| F|  |TAMS 0x0000000091a00000, 0x0000000091a00000| Untracked 
| 283|0x0000000091b00000, 0x0000000091b00000, 0x0000000091c00000|  0%| F|  |TAMS 0x0000000091b00000, 0x0000000091b00000| Untracked 
| 284|0x0000000091c00000, 0x0000000091c00000, 0x0000000091d00000|  0%| F|  |TAMS 0x0000000091c00000, 0x0000000091c00000| Untracked 
| 285|0x0000000091d00000, 0x0000000091d00000, 0x0000000091e00000|  0%| F|  |TAMS 0x0000000091d00000, 0x0000000091d00000| Untracked 
| 286|0x0000000091e00000, 0x0000000091e00000, 0x0000000091f00000|  0%| F|  |TAMS 0x0000000091e00000, 0x0000000091e00000| Untracked 
| 287|0x0000000091f00000, 0x0000000091f00000, 0x0000000092000000|  0%| F|  |TAMS 0x0000000091f00000, 0x0000000091f00000| Untracked 
| 288|0x0000000092000000, 0x0000000092000000, 0x0000000092100000|  0%| F|  |TAMS 0x0000000092000000, 0x0000000092000000| Untracked 
| 289|0x0000000092100000, 0x0000000092100000, 0x0000000092200000|  0%| F|  |TAMS 0x0000000092100000, 0x0000000092100000| Untracked 
| 290|0x0000000092200000, 0x0000000092200000, 0x0000000092300000|  0%| F|  |TAMS 0x0000000092200000, 0x0000000092200000| Untracked 
| 291|0x0000000092300000, 0x0000000092300000, 0x0000000092400000|  0%| F|  |TAMS 0x0000000092300000, 0x0000000092300000| Untracked 
| 292|0x0000000092400000, 0x0000000092400000, 0x0000000092500000|  0%| F|  |TAMS 0x0000000092400000, 0x0000000092400000| Untracked 
| 293|0x0000000092500000, 0x0000000092500000, 0x0000000092600000|  0%| F|  |TAMS 0x0000000092500000, 0x0000000092500000| Untracked 
| 294|0x0000000092600000, 0x0000000092600000, 0x0000000092700000|  0%| F|  |TAMS 0x0000000092600000, 0x0000000092600000| Untracked 
| 295|0x0000000092700000, 0x0000000092700000, 0x0000000092800000|  0%| F|  |TAMS 0x0000000092700000, 0x0000000092700000| Untracked 
| 296|0x0000000092800000, 0x0000000092800000, 0x0000000092900000|  0%| F|  |TAMS 0x0000000092800000, 0x0000000092800000| Untracked 
| 297|0x0000000092900000, 0x0000000092900000, 0x0000000092a00000|  0%| F|  |TAMS 0x0000000092900000, 0x0000000092900000| Untracked 
| 298|0x0000000092a00000, 0x0000000092a00000, 0x0000000092b00000|  0%| F|  |TAMS 0x0000000092a00000, 0x0000000092a00000| Untracked 
| 299|0x0000000092b00000, 0x0000000092b79070, 0x0000000092c00000| 47%| S|CS|TAMS 0x0000000092b00000, 0x0000000092b00000| Complete 
| 300|0x0000000092c00000, 0x0000000092d00000, 0x0000000092d00000|100%| S|CS|TAMS 0x0000000092c00000, 0x0000000092c00000| Complete 
| 301|0x0000000092d00000, 0x0000000092e00000, 0x0000000092e00000|100%| S|CS|TAMS 0x0000000092d00000, 0x0000000092d00000| Complete 
| 302|0x0000000092e00000, 0x0000000092e00000, 0x0000000092f00000|  0%| F|  |TAMS 0x0000000092e00000, 0x0000000092e00000| Untracked 
| 303|0x0000000092f00000, 0x0000000092f00000, 0x0000000093000000|  0%| F|  |TAMS 0x0000000092f00000, 0x0000000092f00000| Untracked 
| 304|0x0000000093000000, 0x0000000093000000, 0x0000000093100000|  0%| F|  |TAMS 0x0000000093000000, 0x0000000093000000| Untracked 

Card table byte_map: [0x0000028fbaf00000,0x0000028fbb300000] _byte_map_base: 0x0000028fbab00000

Marking Bits (Prev, Next): (CMBitMap*) 0x0000028fa5e20550, (CMBitMap*) 0x0000028fa5e20518
 Prev Bits: [0x0000028fbd700000, 0x0000028fbf700000)
 Next Bits: [0x0000028fbb700000, 0x0000028fbd700000)

Polling page: 0x0000028fa5eb0000

Metaspace:

Usage:
  Non-class:    114.55 MB capacity,   111.77 MB ( 98%) used,     2.28 MB (  2%) free+waste,   516.69 KB ( <1%) overhead. 
      Class:     17.84 MB capacity,    16.22 MB ( 91%) used,     1.39 MB (  8%) free+waste,   232.06 KB (  1%) overhead. 
       Both:    132.39 MB capacity,   127.99 MB ( 97%) used,     3.67 MB (  3%) free+waste,   748.75 KB ( <1%) overhead. 

Virtual space:
  Non-class space:      116.00 MB reserved,     114.64 MB ( 99%) committed 
      Class space:        1.00 GB reserved,      17.95 MB (  2%) committed 
             Both:        1.11 GB reserved,     132.59 MB ( 12%) committed 

Chunk freelists:
   Non-Class:  29.00 KB
       Class:  7.00 KB
        Both:  36.00 KB

MaxMetaspaceSize: 17179869184.00 GB
CompressedClassSpaceSize: 1.00 GB

CodeHeap 'non-profiled nmethods': size=120000Kb used=16249Kb max_used=16249Kb free=103751Kb
 bounds [0x0000028fb2b60000, 0x0000028fb3b50000, 0x0000028fba090000]
CodeHeap 'profiled nmethods': size=120000Kb used=48638Kb max_used=48638Kb free=71361Kb
 bounds [0x0000028fab630000, 0x0000028fae5d0000, 0x0000028fb2b60000]
CodeHeap 'non-nmethods': size=5760Kb used=2389Kb max_used=2464Kb free=3370Kb
 bounds [0x0000028fab090000, 0x0000028fab310000, 0x0000028fab630000]
 total_blobs=23264 nmethods=22242 adapters=931
 compilation: enabled
              stopped_count=0, restarted_count=0
 full_count=0

Compilation events (20 events):
Event: 1823.381 Thread 0x0000028fc2bb4000 24309       3       com.android.tools.r8.graph.J$$Lambda$1625/0x0000000100e3c040::apply (8 bytes)
Event: 1823.381 Thread 0x0000028fc2bb4000 nmethod 24309 0x0000028fae5c4990 code [0x0000028fae5c4b40, 0x0000028fae5c4d38]
Event: 1823.383 Thread 0x0000028fc2bb4000 24311       3       com.android.tools.r8.graph.G::a (32 bytes)
Event: 1823.383 Thread 0x0000028fc2bb4000 nmethod 24311 0x0000028fae5c4e10 code [0x0000028fae5c5000, 0x0000028fae5c5478]
Event: 1823.383 Thread 0x0000028fc2bb4000 24312       3       com.android.tools.r8.graph.G$c::a (10 bytes)
Event: 1823.384 Thread 0x0000028fc2bb4000 nmethod 24312 0x0000028fae5c5610 code [0x0000028fae5c5820, 0x0000028fae5c5ee8]
Event: 1823.384 Thread 0x0000028fc2bb4000 24313       3       com.android.tools.r8.graph.G$c::b (16 bytes)
Event: 1823.384 Thread 0x0000028fc2bb4000 nmethod 24313 0x0000028fae5c6110 code [0x0000028fae5c62e0, 0x0000028fae5c65a8]
Event: 1823.462 Thread 0x0000028fc2bb4000 24322       2       com.android.tools.r8.graph.I0::b (55 bytes)
Event: 1823.462 Thread 0x0000028fc2bb4000 nmethod 24322 0x0000028fae5c6690 code [0x0000028fae5c6840, 0x0000028fae5c6988]
Event: 1823.464 Thread 0x0000028fc2bb4000 24323       2       com.android.tools.r8.graph.f0$r::equals (12 bytes)
Event: 1823.464 Thread 0x0000028fc2bb4000 nmethod 24323 0x0000028fae5c6a90 code [0x0000028fae5c6c40, 0x0000028fae5c6d98]
Event: 1823.466 Thread 0x0000028fc2bb4000 24324       2       com.android.tools.r8.internal.GE$$Lambda$1623/0x0000000100e3b840::a (13 bytes)
Event: 1823.466 Thread 0x0000028fc2bb4000 nmethod 24324 0x0000028fae5c6e10 code [0x0000028fae5c6fe0, 0x0000028fae5c71a8]
Event: 1823.466 Thread 0x0000028fc2bb4000 24325       2       com.android.tools.r8.internal.GE::a (49 bytes)
Event: 1823.466 Thread 0x0000028fc2bb4000 nmethod 24325 0x0000028fae5c7290 code [0x0000028fae5c7460, 0x0000028fae5c75f8]
Event: 1823.507 Thread 0x0000028fc2bb4000 24330       2       com.android.tools.r8.internal.i8::a (6 bytes)
Event: 1823.508 Thread 0x0000028fc2bb4000 nmethod 24330 0x0000028fae5c7710 code [0x0000028fae5c78c0, 0x0000028fae5c79f8]
Event: 1823.568 Thread 0x0000028fc2b93800 nmethod 24263 0x0000028fb3b31c10 code [0x0000028fb3b324a0, 0x0000028fb3b3b4a0]
Event: 1823.568 Thread 0x0000028fc2b93800 24288 %     4       com.android.tools.r8.internal.i8::a @ 3 (80 bytes)

GC Heap History (20 events):
Event: 1821.840 GC heap after
{Heap after GC invocations=109 (full 0):
 garbage-first heap   total 205824K, used 164864K [0x0000000080000000, 0x0000000100000000)
  region size 1024K, 3 young (3072K), 3 survivors (3072K)
 Metaspace       used 130853K, capacity 135350K, committed 135388K, reserved 1167360K
  class space    used 16602K, capacity 18223K, committed 18252K, reserved 1048576K
}
Event: 1821.873 GC heap before
{Heap before GC invocations=109 (full 0):
 garbage-first heap   total 205824K, used 174080K [0x0000000080000000, 0x0000000100000000)
  region size 1024K, 12 young (12288K), 3 survivors (3072K)
 Metaspace       used 130860K, capacity 135351K, committed 135388K, reserved 1167360K
  class space    used 16602K, capacity 18223K, committed 18252K, reserved 1048576K
}
Event: 1821.883 GC heap after
{Heap after GC invocations=110 (full 0):
 garbage-first heap   total 205824K, used 170195K [0x0000000080000000, 0x0000000100000000)
  region size 1024K, 2 young (2048K), 2 survivors (2048K)
 Metaspace       used 130860K, capacity 135351K, committed 135388K, reserved 1167360K
  class space    used 16602K, capacity 18223K, committed 18252K, reserved 1048576K
}
Event: 1821.916 GC heap before
{Heap before GC invocations=110 (full 0):
 garbage-first heap   total 205824K, used 178387K [0x0000000080000000, 0x0000000100000000)
  region size 1024K, 10 young (10240K), 2 survivors (2048K)
 Metaspace       used 130861K, capacity 135351K, committed 135388K, reserved 1167360K
  class space    used 16602K, capacity 18223K, committed 18252K, reserved 1048576K
}
Event: 1821.925 GC heap after
{Heap after GC invocations=111 (full 0):
 garbage-first heap   total 205824K, used 174895K [0x0000000080000000, 0x0000000100000000)
  region size 1024K, 2 young (2048K), 2 survivors (2048K)
 Metaspace       used 130861K, capacity 135351K, committed 135388K, reserved 1167360K
  class space    used 16602K, capacity 18223K, committed 18252K, reserved 1048576K
}
Event: 1821.955 GC heap before
{Heap before GC invocations=111 (full 0):
 garbage-first heap   total 205824K, used 182063K [0x0000000080000000, 0x0000000100000000)
  region size 1024K, 10 young (10240K), 2 survivors (2048K)
 Metaspace       used 130863K, capacity 135351K, committed 135388K, reserved 1167360K
  class space    used 16602K, capacity 18223K, committed 18252K, reserved 1048576K
}
Event: 1821.963 GC heap after
{Heap after GC invocations=112 (full 0):
 garbage-first heap   total 205824K, used 179434K [0x0000000080000000, 0x0000000100000000)
  region size 1024K, 2 young (2048K), 2 survivors (2048K)
 Metaspace       used 130863K, capacity 135351K, committed 135388K, reserved 1167360K
  class space    used 16602K, capacity 18223K, committed 18252K, reserved 1048576K
}
Event: 1822.038 GC heap before
{Heap before GC invocations=112 (full 0):
 garbage-first heap   total 205824K, used 186602K [0x0000000080000000, 0x0000000100000000)
  region size 1024K, 10 young (10240K), 2 survivors (2048K)
 Metaspace       used 130863K, capacity 135351K, committed 135388K, reserved 1167360K
  class space    used 16602K, capacity 18223K, committed 18252K, reserved 1048576K
}
Event: 1822.046 GC heap after
{Heap after GC invocations=113 (full 0):
 garbage-first heap   total 205824K, used 183944K [0x0000000080000000, 0x0000000100000000)
  region size 1024K, 2 young (2048K), 2 survivors (2048K)
 Metaspace       used 130863K, capacity 135351K, committed 135388K, reserved 1167360K
  class space    used 16602K, capacity 18223K, committed 18252K, reserved 1048576K
}
Event: 1822.132 GC heap before
{Heap before GC invocations=113 (full 0):
 garbage-first heap   total 205824K, used 192136K [0x0000000080000000, 0x0000000100000000)
  region size 1024K, 10 young (10240K), 2 survivors (2048K)
 Metaspace       used 130915K, capacity 135395K, committed 135772K, reserved 1167360K
  class space    used 16606K, capacity 18258K, committed 18380K, reserved 1048576K
}
Event: 1822.142 GC heap after
{Heap after GC invocations=114 (full 0):
 garbage-first heap   total 205824K, used 186368K [0x0000000080000000, 0x0000000100000000)
  region size 1024K, 2 young (2048K), 2 survivors (2048K)
 Metaspace       used 130915K, capacity 135395K, committed 135772K, reserved 1167360K
  class space    used 16606K, capacity 18258K, committed 18380K, reserved 1048576K
}
Event: 1822.187 GC heap before
{Heap before GC invocations=114 (full 0):
 garbage-first heap   total 205824K, used 193536K [0x0000000080000000, 0x0000000100000000)
  region size 1024K, 10 young (10240K), 2 survivors (2048K)
 Metaspace       used 130927K, capacity 135398K, committed 135772K, reserved 1167360K
  class space    used 16606K, capacity 18258K, committed 18380K, reserved 1048576K
}
Event: 1822.197 GC heap after
{Heap after GC invocations=115 (full 0):
 garbage-first heap   total 312320K, used 187693K [0x0000000080000000, 0x0000000100000000)
  region size 1024K, 2 young (2048K), 2 survivors (2048K)
 Metaspace       used 130927K, capacity 135398K, committed 135772K, reserved 1167360K
  class space    used 16606K, capacity 18258K, committed 18380K, reserved 1048576K
}
Event: 1822.513 GC heap before
{Heap before GC invocations=116 (full 0):
 garbage-first heap   total 312320K, used 234797K [0x0000000080000000, 0x0000000100000000)
  region size 1024K, 50 young (51200K), 2 survivors (2048K)
 Metaspace       used 131036K, capacity 135502K, committed 135772K, reserved 1167360K
  class space    used 16613K, capacity 18268K, committed 18380K, reserved 1048576K
}
Event: 1822.525 GC heap after
{Heap after GC invocations=117 (full 0):
 garbage-first heap   total 312320K, used 192073K [0x0000000080000000, 0x0000000100000000)
  region size 1024K, 6 young (6144K), 6 survivors (6144K)
 Metaspace       used 131036K, capacity 135502K, committed 135772K, reserved 1167360K
  class space    used 16613K, capacity 18268K, committed 18380K, reserved 1048576K
}
Event: 1823.386 GC heap before
{Heap before GC invocations=118 (full 0):
 garbage-first heap   total 312320K, used 247369K [0x0000000080000000, 0x0000000100000000)
  region size 1024K, 58 young (59392K), 6 survivors (6144K)
 Metaspace       used 131048K, capacity 135550K, committed 135772K, reserved 1167360K
  class space    used 16608K, capacity 18260K, committed 18380K, reserved 1048576K
}
Event: 1823.446 GC heap after
{Heap after GC invocations=119 (full 0):
 garbage-first heap   total 312320K, used 199067K [0x0000000080000000, 0x0000000100000000)
  region size 1024K, 6 young (6144K), 6 survivors (6144K)
 Metaspace       used 131048K, capacity 135550K, committed 135772K, reserved 1167360K
  class space    used 16608K, capacity 18260K, committed 18380K, reserved 1048576K
}
Event: 1823.512 GC heap before
{Heap before GC invocations=119 (full 0):
 garbage-first heap   total 312320K, used 207259K [0x0000000080000000, 0x0000000100000000)
  region size 1024K, 15 young (15360K), 6 survivors (6144K)
 Metaspace       used 131060K, capacity 135564K, committed 135772K, reserved 1167360K
  class space    used 16611K, capacity 18265K, committed 18380K, reserved 1048576K
}
Event: 1823.567 GC heap after
{Heap after GC invocations=120 (full 0):
 garbage-first heap   total 312320K, used 193563K [0x0000000080000000, 0x0000000100000000)
  region size 1024K, 2 young (2048K), 2 survivors (2048K)
 Metaspace       used 131060K, capacity 135564K, committed 135772K, reserved 1167360K
  class space    used 16611K, capacity 18265K, committed 18380K, reserved 1048576K
}
Event: 1823.591 GC heap before
{Heap before GC invocations=120 (full 0):
 garbage-first heap   total 312320K, used 194587K [0x0000000080000000, 0x0000000100000000)
  region size 1024K, 5 young (5120K), 2 survivors (2048K)
 Metaspace       used 131060K, capacity 135564K, committed 135772K, reserved 1167360K
  class space    used 16611K, capacity 18265K, committed 18380K, reserved 1048576K
}

Deoptimization events (20 events):
Event: 1823.206 Thread 0x0000028fc6423000 DEOPT PACKING pc=0x0000028fae5b26c9 sp=0x000000c5395fea30
Event: 1823.206 Thread 0x0000028fc6423000 DEOPT UNPACKING pc=0x0000028fab0b76ce sp=0x000000c5395fdf58 mode 0
Event: 1823.333 Thread 0x0000028fc6423000 DEOPT PACKING pc=0x0000028fae5b26c9 sp=0x000000c5395fea60
Event: 1823.333 Thread 0x0000028fc6423000 DEOPT UNPACKING pc=0x0000028fab0b76ce sp=0x000000c5395fdf88 mode 0
Event: 1823.370 Thread 0x0000028fc6423000 Uncommon trap: trap_request=0xffffffbe fr.pc=0x0000028fb3b293ec relative=0x0000000000000aec
Event: 1823.370 Thread 0x0000028fc6423000 Uncommon trap: reason=profile_predicate action=maybe_recompile pc=0x0000028fb3b293ec method=com.android.tools.r8.internal.i8.a(Ljava/util/Iterator;Ljava/util/Iterator;Lcom/android/tools/r8/internal/EE$a;)I @ 5 c2
Event: 1823.370 Thread 0x0000028fc6423000 DEOPT PACKING pc=0x0000028fb3b293ec sp=0x000000c5395fe4b0
Event: 1823.370 Thread 0x0000028fc6423000 DEOPT UNPACKING pc=0x0000028fab0b78af sp=0x000000c5395fe468 mode 2
Event: 1823.371 Thread 0x0000028fc6423000 Uncommon trap: trap_request=0xffffffbe fr.pc=0x0000028fb3b293ec relative=0x0000000000000aec
Event: 1823.371 Thread 0x0000028fc6423000 Uncommon trap: reason=profile_predicate action=maybe_recompile pc=0x0000028fb3b293ec method=com.android.tools.r8.internal.i8.a(Ljava/util/Iterator;Ljava/util/Iterator;Lcom/android/tools/r8/internal/EE$a;)I @ 5 c2
Event: 1823.371 Thread 0x0000028fc6423000 DEOPT PACKING pc=0x0000028fb3b293ec sp=0x000000c5395fe500
Event: 1823.371 Thread 0x0000028fc6423000 DEOPT UNPACKING pc=0x0000028fab0b78af sp=0x000000c5395fe4b8 mode 2
Event: 1823.371 Thread 0x0000028fc6423000 Uncommon trap: trap_request=0xffffffbe fr.pc=0x0000028fb3b293ec relative=0x0000000000000aec
Event: 1823.371 Thread 0x0000028fc6423000 Uncommon trap: reason=profile_predicate action=maybe_recompile pc=0x0000028fb3b293ec method=com.android.tools.r8.internal.i8.a(Ljava/util/Iterator;Ljava/util/Iterator;Lcom/android/tools/r8/internal/EE$a;)I @ 5 c2
Event: 1823.371 Thread 0x0000028fc6423000 DEOPT PACKING pc=0x0000028fb3b293ec sp=0x000000c5395fe4b0
Event: 1823.371 Thread 0x0000028fc6423000 DEOPT UNPACKING pc=0x0000028fab0b78af sp=0x000000c5395fe468 mode 2
Event: 1823.371 Thread 0x0000028fc6423000 Uncommon trap: trap_request=0xffffffbe fr.pc=0x0000028fb3b293ec relative=0x0000000000000aec
Event: 1823.371 Thread 0x0000028fc6423000 Uncommon trap: reason=profile_predicate action=maybe_recompile pc=0x0000028fb3b293ec method=com.android.tools.r8.internal.i8.a(Ljava/util/Iterator;Ljava/util/Iterator;Lcom/android/tools/r8/internal/EE$a;)I @ 5 c2
Event: 1823.371 Thread 0x0000028fc6423000 DEOPT PACKING pc=0x0000028fb3b293ec sp=0x000000c5395fe500
Event: 1823.371 Thread 0x0000028fc6423000 DEOPT UNPACKING pc=0x0000028fab0b78af sp=0x000000c5395fe4b8 mode 2

Classes redefined (0 events):
No events

Internal exceptions (20 events):
Event: 1817.764 Thread 0x0000028fc9b4d800 Exception <a 'java/lang/ClassNotFoundException'{0x00000000899366a8}: build_a2oci7vwjki95fmv44v1ynguaBeanInfo> (0x00000000899366a8) thrown at [./src/hotspot/share/classfile/systemDictionary.cpp, line 231]
Event: 1817.764 Thread 0x0000028fc9b4d800 Exception <a 'java/lang/ClassNotFoundException'{0x0000000089941810}: build_a2oci7vwjki95fmv44v1ynguaCustomizer> (0x0000000089941810) thrown at [./src/hotspot/share/classfile/systemDictionary.cpp, line 231]
Event: 1818.247 Thread 0x0000028fc9b4d800 Exception <a 'java/lang/ClassNotFoundException'{0x000000008896ae68}: build_a2oci7vwjki95fmv44v1ynguaBeanInfo> (0x000000008896ae68) thrown at [./src/hotspot/share/classfile/systemDictionary.cpp, line 231]
Event: 1818.248 Thread 0x0000028fc9b4d800 Exception <a 'java/lang/ClassNotFoundException'{0x0000000088975f90}: build_a2oci7vwjki95fmv44v1ynguaCustomizer> (0x0000000088975f90) thrown at [./src/hotspot/share/classfile/systemDictionary.cpp, line 231]
Event: 1818.298 Thread 0x0000028fc9b4d800 Exception <a 'java/lang/ClassNotFoundException'{0x000000008882ef08}: build_ayyu3z4o6u6ppzce6dg2m5hxhBeanInfo> (0x000000008882ef08) thrown at [./src/hotspot/share/classfile/systemDictionary.cpp, line 231]
Event: 1818.301 Thread 0x0000028fc9b4d800 Exception <a 'java/lang/ClassNotFoundException'{0x000000008883a080}: build_ayyu3z4o6u6ppzce6dg2m5hxhCustomizer> (0x000000008883a080) thrown at [./src/hotspot/share/classfile/systemDictionary.cpp, line 231]
Event: 1818.485 Thread 0x0000028fc9b4d800 Exception <a 'sun/nio/fs/WindowsException'{0x000000008860c820}> (0x000000008860c820) thrown at [./src/hotspot/share/prims/jni.cpp, line 615]
Event: 1818.634 Thread 0x0000028fc9b4d800 Exception <a 'java/lang/ClassNotFoundException'{0x00000000883b6388}: build_ayyu3z4o6u6ppzce6dg2m5hxhBeanInfo> (0x00000000883b6388) thrown at [./src/hotspot/share/classfile/systemDictionary.cpp, line 231]
Event: 1818.635 Thread 0x0000028fc9b4d800 Exception <a 'java/lang/ClassNotFoundException'{0x00000000883c14c0}: build_ayyu3z4o6u6ppzce6dg2m5hxhCustomizer> (0x00000000883c14c0) thrown at [./src/hotspot/share/classfile/systemDictionary.cpp, line 231]
Event: 1818.746 Thread 0x0000028fc9b4d800 Exception <a 'java/lang/ClassNotFoundException'{0x000000008b646aa0}: build_ayyu3z4o6u6ppzce6dg2m5hxh$_run_closure1$_closure4BeanInfo> (0x000000008b646aa0) thrown at [./src/hotspot/share/classfile/systemDictionary.cpp, line 231]
Event: 1818.747 Thread 0x0000028fc9b4d800 Exception <a 'java/lang/ClassNotFoundException'{0x000000008b658220}: build_ayyu3z4o6u6ppzce6dg2m5hxh$_run_closure1$_closure4Customizer> (0x000000008b658220) thrown at [./src/hotspot/share/classfile/systemDictionary.cpp, line 231]
Event: 1818.749 Thread 0x0000028fc9b4d800 Exception <a 'java/lang/ClassNotFoundException'{0x000000008b681ec0}: build_ayyu3z4o6u6ppzce6dg2m5hxh$_run_closure1BeanInfo> (0x000000008b681ec0) thrown at [./src/hotspot/share/classfile/systemDictionary.cpp, line 231]
Event: 1818.751 Thread 0x0000028fc9b4d800 Exception <a 'java/lang/ClassNotFoundException'{0x000000008b692ba0}: build_ayyu3z4o6u6ppzce6dg2m5hxh$_run_closure1Customizer> (0x000000008b692ba0) thrown at [./src/hotspot/share/classfile/systemDictionary.cpp, line 231]
Event: 1818.993 Thread 0x0000028fc9b4d800 Exception <a 'sun/nio/fs/WindowsException'{0x000000008ae1a668}> (0x000000008ae1a668) thrown at [./src/hotspot/share/prims/jni.cpp, line 615]
Event: 1819.031 Thread 0x0000028fc9b4d800 Exception <a 'sun/nio/fs/WindowsException'{0x000000008aebd140}> (0x000000008aebd140) thrown at [./src/hotspot/share/prims/jni.cpp, line 615]
Event: 1819.032 Thread 0x0000028fc9b4d800 Exception <a 'sun/nio/fs/WindowsException'{0x000000008aebe210}> (0x000000008aebe210) thrown at [./src/hotspot/share/prims/jni.cpp, line 615]
Event: 1819.032 Thread 0x0000028fc9b4d800 Exception <a 'sun/nio/fs/WindowsException'{0x000000008aebf330}> (0x000000008aebf330) thrown at [./src/hotspot/share/prims/jni.cpp, line 615]
Event: 1819.032 Thread 0x0000028fc9b4d800 Exception <a 'sun/nio/fs/WindowsException'{0x000000008aec0450}> (0x000000008aec0450) thrown at [./src/hotspot/share/prims/jni.cpp, line 615]
Event: 1820.354 Thread 0x0000028fc5ef6800 Implicit null exception at 0x0000028fb398e599 to 0x0000028fb399370c
Event: 1821.230 Thread 0x0000028fc9dc0000 Exception <a 'sun/nio/fs/WindowsException'{0x000000008b4e9008}> (0x000000008b4e9008) thrown at [./src/hotspot/share/prims/jni.cpp, line 615]

Events (20 events):
Event: 1823.449 loading class com/android/tools/r8/internal/GE done
Event: 1823.449 loading class com/android/tools/r8/internal/FE
Event: 1823.449 loading class com/android/tools/r8/internal/FE done
Event: 1823.449 loading class com/android/tools/r8/graph/G$j
Event: 1823.449 loading class com/android/tools/r8/graph/G$j done
Event: 1823.449 loading class com/android/tools/r8/graph/G$j
Event: 1823.449 loading class com/android/tools/r8/graph/G$j done
Event: 1823.449 loading class com/android/tools/r8/graph/G$j
Event: 1823.449 loading class com/android/tools/r8/graph/G$j done
Event: 1823.449 loading class com/android/tools/r8/graph/G$j
Event: 1823.449 loading class com/android/tools/r8/graph/G$j done
Event: 1823.449 loading class com/android/tools/r8/graph/G$j
Event: 1823.449 loading class com/android/tools/r8/graph/G$j done
Event: 1823.449 loading class com/android/tools/r8/graph/G$j
Event: 1823.449 loading class com/android/tools/r8/graph/G$j done
Event: 1823.450 loading class com/android/tools/r8/graph/G$j
Event: 1823.450 loading class com/android/tools/r8/graph/G$j done
Event: 1823.512 Executing VM operation: G1CollectForAllocation
Event: 1823.567 Executing VM operation: G1CollectForAllocation done
Event: 1823.590 Executing VM operation: G1CollectForAllocation


Dynamic libraries:
0x00007ff6fe560000 - 0x00007ff6fe56a000 	C:\Program Files\Android\Android Studio\jre\bin\java.exe
0x00007fff505e0000 - 0x00007fff507d0000 	C:\Windows\SYSTEM32\ntdll.dll
0x00007fff502c0000 - 0x00007fff50372000 	C:\Windows\System32\KERNEL32.DLL
0x00007fff4d570000 - 0x00007fff4d813000 	C:\Windows\System32\KERNELBASE.dll
0x00007fff4dbc0000 - 0x00007fff4dcba000 	C:\Windows\System32\ucrtbase.dll
0x00007fff3a650000 - 0x00007fff3a669000 	C:\Program Files\Android\Android Studio\jre\bin\jli.dll
0x00007fff3a5a0000 - 0x00007fff3a5b7000 	C:\Program Files\Android\Android Studio\jre\bin\VCRUNTIME140.dll
0x00007fff4f480000 - 0x00007fff4f613000 	C:\Windows\System32\USER32.dll
0x00007fff3b0a0000 - 0x00007fff3b325000 	C:\Windows\WinSxS\amd64_microsoft.windows.common-controls_6595b64144ccf1df_6.0.18362.175_none_e6c3ab1f131014c9\COMCTL32.dll
0x00007fff4dcf0000 - 0x00007fff4dd11000 	C:\Windows\System32\win32u.dll
0x00007fff4ecd0000 - 0x00007fff4ed6e000 	C:\Windows\System32\msvcrt.dll
0x00007fff50420000 - 0x00007fff50446000 	C:\Windows\System32\GDI32.dll
0x00007fff4da20000 - 0x00007fff4dbb4000 	C:\Windows\System32\gdi32full.dll
0x00007fff4e990000 - 0x00007fff4ecc6000 	C:\Windows\System32\combase.dll
0x00007fff4de20000 - 0x00007fff4debe000 	C:\Windows\System32\msvcp_win.dll
0x00007fff4f360000 - 0x00007fff4f480000 	C:\Windows\System32\RPCRT4.dll
0x00007fff4dd70000 - 0x00007fff4ddf1000 	C:\Windows\System32\bcryptPrimitives.dll
0x00007fff4f9b0000 - 0x00007fff4f9de000 	C:\Windows\System32\IMM32.DLL
0x00007fff3a3f0000 - 0x00007fff3a48d000 	C:\Program Files\Android\Android Studio\jre\bin\msvcp140.dll
0x00007ffeff010000 - 0x00007ffeffadf000 	C:\Program Files\Android\Android Studio\jre\bin\server\jvm.dll
0x00007fff4f2b0000 - 0x00007fff4f353000 	C:\Windows\System32\ADVAPI32.dll
0x00007fff50380000 - 0x00007fff50417000 	C:\Windows\System32\sechost.dll
0x00007fff4ee30000 - 0x00007fff4ee38000 	C:\Windows\System32\PSAPI.DLL
0x00007fff48ac0000 - 0x00007fff48ac9000 	C:\Windows\SYSTEM32\WSOCK32.dll
0x00007fff4ac70000 - 0x00007fff4ac94000 	C:\Windows\SYSTEM32\WINMM.dll
0x00007fff45d70000 - 0x00007fff45d7a000 	C:\Windows\SYSTEM32\VERSION.dll
0x00007fff4f710000 - 0x00007fff4f77f000 	C:\Windows\System32\WS2_32.dll
0x00007fff4ac40000 - 0x00007fff4ac6d000 	C:\Windows\SYSTEM32\WINMMBASE.dll
0x00007fff4dd20000 - 0x00007fff4dd6a000 	C:\Windows\System32\cfgmgr32.dll
0x00007fff4d550000 - 0x00007fff4d561000 	C:\Windows\System32\kernel.appcore.dll
0x00007fff02ca0000 - 0x00007fff02cb1000 	C:\Program Files\Android\Android Studio\jre\bin\verify.dll
0x00007fff4bcd0000 - 0x00007fff4bec4000 	C:\Windows\SYSTEM32\DBGHELP.DLL
0x00007fff392f0000 - 0x00007fff3931a000 	C:\Windows\SYSTEM32\dbgcore.DLL
0x00007fff02c70000 - 0x00007fff02c99000 	C:\Program Files\Android\Android Studio\jre\bin\java.dll
0x00007fff39dd0000 - 0x00007fff39ddb000 	C:\Program Files\Android\Android Studio\jre\bin\jimage.dll
0x00007fff02c50000 - 0x00007fff02c68000 	C:\Program Files\Android\Android Studio\jre\bin\zip.dll
0x00007fff4fbe0000 - 0x00007fff502c0000 	C:\Windows\System32\SHELL32.dll
0x00007fff4ed80000 - 0x00007fff4ee29000 	C:\Windows\System32\shcore.dll
0x00007fff4dec0000 - 0x00007fff4e63b000 	C:\Windows\System32\windows.storage.dll
0x00007fff4d4c0000 - 0x00007fff4d4df000 	C:\Windows\System32\profapi.dll
0x00007fff4d500000 - 0x00007fff4d54a000 	C:\Windows\System32\powrprof.dll
0x00007fff4d4b0000 - 0x00007fff4d4c0000 	C:\Windows\System32\UMPDC.dll
0x00007fff4fb80000 - 0x00007fff4fbd2000 	C:\Windows\System32\shlwapi.dll
0x00007fff4de00000 - 0x00007fff4de17000 	C:\Windows\System32\cryptsp.dll
0x00007fff02c30000 - 0x00007fff02c4a000 	C:\Program Files\Android\Android Studio\jre\bin\net.dll
0x00007fff3c520000 - 0x00007fff3c60f000 	C:\Windows\SYSTEM32\WINHTTP.dll
0x00007fff4cd20000 - 0x00007fff4cd87000 	C:\Windows\system32\mswsock.dll
0x00007fff02c10000 - 0x00007fff02c24000 	C:\Program Files\Android\Android Studio\jre\bin\nio.dll
0x00007ffefc060000 - 0x00007ffefc087000 	C:\Users\user\.gradle\native\8bec1ad78214c89d9ad589b4d07fe93259594b29d510b10fafb7a158f7737e5d\windows-amd64\native-platform.dll
0x00007ffee9460000 - 0x00007ffee959d000 	C:\Users\user\.gradle\native\53dbd7edfb1c66fb8903c78663c9afc45aea4f116125fa6feffd364cf09443e8\windows-amd64\native-platform-file-events.dll
0x00007fff39cb0000 - 0x00007fff39cba000 	C:\Program Files\Android\Android Studio\jre\bin\management.dll
0x00007fff2b800000 - 0x00007fff2b80c000 	C:\Program Files\Android\Android Studio\jre\bin\management_ext.dll
0x00007fff4c8e0000 - 0x00007fff4c913000 	C:\Windows\system32\rsaenh.dll
0x00007fff4dcc0000 - 0x00007fff4dce6000 	C:\Windows\System32\bcrypt.dll
0x00007fff4d3a0000 - 0x00007fff4d3c5000 	C:\Windows\SYSTEM32\USERENV.dll
0x00007fff4cef0000 - 0x00007fff4cefc000 	C:\Windows\SYSTEM32\CRYPTBASE.dll
0x00007fff4ca80000 - 0x00007fff4caba000 	C:\Windows\SYSTEM32\IPHLPAPI.DLL
0x00007fff4ed70000 - 0x00007fff4ed78000 	C:\Windows\System32\NSI.dll
0x00007fff45140000 - 0x00007fff45156000 	C:\Windows\SYSTEM32\dhcpcsvc6.DLL
0x00007fff44dc0000 - 0x00007fff44ddc000 	C:\Windows\SYSTEM32\dhcpcsvc.DLL
0x00007fff4cac0000 - 0x00007fff4cb8a000 	C:\Windows\SYSTEM32\DNSAPI.dll
0x00007fff48ad0000 - 0x00007fff48ad8000 	C:\Program Files\Android\Android Studio\jre\bin\rmi.dll
0x00007fff3b4b0000 - 0x00007fff3b4c6000 	C:\Windows\system32\napinsp.dll
0x00007fff39c20000 - 0x00007fff39c3a000 	C:\Windows\system32\pnrpnsp.dll
0x00007fff3b4a0000 - 0x00007fff3b4ae000 	C:\Windows\System32\winrnr.dll
0x00007fff497e0000 - 0x00007fff497fc000 	C:\Windows\system32\NLAapi.dll
0x00007fff48dc0000 - 0x00007fff48dd5000 	C:\Windows\system32\wshbth.dll
0x00007fff46b40000 - 0x00007fff46b4a000 	C:\Windows\System32\rasadhlp.dll
0x00007fff44f00000 - 0x00007fff44f77000 	C:\Windows\System32\fwpuclnt.dll
0x00007fff02650000 - 0x00007fff02677000 	C:\Program Files\Android\Android Studio\jre\bin\sunec.dll

dbghelp: loaded successfully - version: 4.0.5 - missing functions: none
symbol engine: initialized successfully - sym options: 0x614 - pdb path: .;C:\Program Files\Android\Android Studio\jre\bin;C:\Windows\SYSTEM32;C:\Windows\WinSxS\amd64_microsoft.windows.common-controls_6595b64144ccf1df_6.0.18362.175_none_e6c3ab1f131014c9;C:\Program Files\Android\Android Studio\jre\bin\server;C:\Users\user\.gradle\native\8bec1ad78214c89d9ad589b4d07fe93259594b29d510b10fafb7a158f7737e5d\windows-amd64;C:\Users\user\.gradle\native\53dbd7edfb1c66fb8903c78663c9afc45aea4f116125fa6feffd364cf09443e8\windows-amd64

VM Arguments:
jvm_args: --add-opens=java.base/java.util=ALL-UNNAMED --add-opens=java.base/java.lang=ALL-UNNAMED --add-opens=java.base/java.lang.invoke=ALL-UNNAMED --add-opens=java.base/java.util=ALL-UNNAMED --add-opens=java.prefs/java.util.prefs=ALL-UNNAMED --add-opens=java.prefs/java.util.prefs=ALL-UNNAMED --add-opens=java.base/java.nio.charset=ALL-UNNAMED --add-opens=java.base/java.net=ALL-UNNAMED --add-opens=java.base/java.util.concurrent.atomic=ALL-UNNAMED -Xmx2048m -Dfile.encoding=UTF-8 -Duser.country=US -Duser.language=en -Duser.variant 
java_command: org.gradle.launcher.daemon.bootstrap.GradleDaemon 7.0.2
java_class_path (initial): C:\Users\user\.gradle\wrapper\dists\gradle-7.0.2-bin\857tjihv64xamwrf0h14cai3r\gradle-7.0.2\lib\gradle-launcher-7.0.2.jar
Launcher Type: SUN_STANDARD

[Global flags]
     intx CICompilerCount                          = 4                                         {product} {ergonomic}
     uint ConcGCThreads                            = 2                                         {product} {ergonomic}
     uint G1ConcRefinementThreads                  = 8                                         {product} {ergonomic}
   size_t G1HeapRegionSize                         = 1048576                                   {product} {ergonomic}
    uintx GCDrainStackTargetSize                   = 64                                        {product} {ergonomic}
   size_t InitialHeapSize                          = 132120576                                 {product} {ergonomic}
   size_t MarkStackSize                            = 4194304                                   {product} {ergonomic}
   size_t MaxHeapSize                              = 2147483648                                {product} {command line}
   size_t MaxNewSize                               = 1287651328                                {product} {ergonomic}
   size_t MinHeapDeltaBytes                        = 1048576                                   {product} {ergonomic}
    uintx NonNMethodCodeHeapSize                   = 5836300                                {pd product} {ergonomic}
    uintx NonProfiledCodeHeapSize                  = 122910970                              {pd product} {ergonomic}
    uintx ProfiledCodeHeapSize                     = 122910970                              {pd product} {ergonomic}
    uintx ReservedCodeCacheSize                    = 251658240                              {pd product} {ergonomic}
     bool SegmentedCodeCache                       = true                                      {product} {ergonomic}
     bool UseCompressedClassPointers               = true                                 {lp64_product} {ergonomic}
     bool UseCompressedOops                        = true                                 {lp64_product} {ergonomic}
     bool UseG1GC                                  = true                                      {product} {ergonomic}
     bool UseLargePagesIndividualAllocation        = false                                  {pd product} {ergonomic}

Logging:
Log output configuration:
 #0: stdout all=warning uptime,level,tags
 #1: stderr all=off uptime,level,tags

Environment Variables:
JAVA_HOME=C:\Program Files\Java\jdk-17.0.1
PATH=C:\Program Files\Common Files\Oracle\Java\javapath;C:\Windows\system32;C:\Windows;C:\Windows\System32\Wbem;C:\Windows\System32\WindowsPowerShell\v1.0\;C:\Windows\System32\OpenSSH\;C:\Program Files (x86)\NVIDIA Corporation\PhysX\Common;C:\Program Files\7-Zip;C:\Program Files\dotnet\;C:\Program Files\Microsoft SQL Server\130\Tools\Binn\;C:\Program Files\Microsoft SQL Server\Client SDK\ODBC\170\Tools\Binn\;C:\Program Files\Java\jdk-17.0.1\bin;C:\Program Files\Git\cmd;C:\Users\user\AppData\Local\Microsoft\WindowsApps;C:\Users\user\AppData\Local\Programs\Microsoft VS Code\bin;C:\MinGW\bin;C:\Users\user\.dotnet\tools;C:\Program Files\JetBrains\IntelliJ IDEA 2021.2.3\bin;;C:\Program Files\JetBrains\IntelliJ IDEA Community Edition 2021.2.3\bin;
USERNAME=user
OS=Windows_NT
PROCESSOR_IDENTIFIER=Intel64 Family 6 Model 165 Stepping 2, GenuineIntel



---------------  S Y S T E M  ---------------

OS: Windows 10 , 64 bit Build 18362 (10.0.18362.86)
OS uptime: 0 days 6:00 hours

CPU:total 8 (initial active 8) (4 cores per cpu, 2 threads per core) family 6 model 165 stepping 2 microcode 0xe0, cmov, cx8, fxsr, mmx, sse, sse2, sse3, ssse3, sse4.1, sse4.2, popcnt, avx, avx2, aes, clmul, erms, 3dnowpref, lzcnt, ht, tsc, tscinvbit, bmi1, bmi2, adx, fma

Memory: 4k page, system-wide physical 7993M (475M free)
TotalPageFile size 16098M (AvailPageFile size 148M)
current process WorkingSet (physical memory assigned to process): 568M, peak: 570M
current process commit charge ("private bytes"): 725M, peak: 1128M

vm_info: OpenJDK 64-Bit Server VM (11.0.10+0-b96-7249189) for windows-amd64 JRE (11.0.10+0-b96-7249189), built on Mar 31 2021 21:44:00 by "builder" with MS VC++ 14.0 (VS2015)

END.
